myHadoop: Setting MH_IPOIB_TRANSFORM='s/\([^.]*\).*$/\1.ibnet/' from myhadoop.conf
myHadoop: Setting MH_SCRATCH_DIR=/scratch/$USER/$SLURM_JOBID from myhadoop.conf
myHadoop: Using HADOOP_HOME=/opt/hadoop/2.6.0
myHadoop: Using MH_SCRATCH_DIR=/scratch/sxa5726/26951672
myHadoop: Using JAVA_HOME=/usr/java/latest
myHadoop: Generating Hadoop configuration in directory in /home/sxa5726/cometcluster...
myHadoop: Backing up old config dir to /home/sxa5726/cometcluster.0...
`/home/sxa5726/cometcluster' -> `/home/sxa5726/cometcluster.0'
myHadoop: Designating comet-11-39.ibnet as master node (namenode, secondary namenode, and jobtracker)
myHadoop: The following nodes will be slaves (datanode, tasktracer):
comet-11-39.ibnet
comet-11-40.ibnet
comet-11-41.ibnet
19/09/28 01:00:20 INFO namenode.NameNode: STARTUP_MSG: 
/************************************************************
STARTUP_MSG: Starting NameNode
STARTUP_MSG:   host = comet-11-39.sdsc.edu/198.202.116.186
STARTUP_MSG:   args = [-format]
STARTUP_MSG:   version = 2.6.0
STARTUP_MSG:   classpath = /home/sxa5726/cometcluster:/opt/hadoop/2.6.0/share/hadoop/common/lib/xmlenc-0.52.jar:/opt/hadoop/2.6.0/share/hadoop/common/lib/jetty-util-6.1.26.jar:/opt/hadoop/2.6.0/share/hadoop/common/lib/jsch-0.1.42.jar:/opt/hadoop/2.6.0/share/hadoop/common/lib/httpcore-4.2.5.jar:/opt/hadoop/2.6.0/share/hadoop/common/lib/apacheds-i18n-2.0.0-M15.jar:/opt/hadoop/2.6.0/share/hadoop/common/lib/servlet-api-2.5.jar:/opt/hadoop/2.6.0/share/hadoop/common/lib/curator-recipes-2.6.0.jar:/opt/hadoop/2.6.0/share/hadoop/common/lib/jackson-jaxrs-1.9.13.jar:/opt/hadoop/2.6.0/share/hadoop/common/lib/gson-2.2.4.jar:/opt/hadoop/2.6.0/share/hadoop/common/lib/hamcrest-core-1.3.jar:/opt/hadoop/2.6.0/share/hadoop/common/lib/commons-logging-1.1.3.jar:/opt/hadoop/2.6.0/share/hadoop/common/lib/netty-3.6.2.Final.jar:/opt/hadoop/2.6.0/share/hadoop/common/lib/commons-collections-3.2.1.jar:/opt/hadoop/2.6.0/share/hadoop/common/lib/hadoop-annotations-2.6.0.jar:/opt/hadoop/2.6.0/share/hadoop/common/lib/jackson-core-asl-1.9.13.jar:/opt/hadoop/2.6.0/share/hadoop/common/lib/jsr305-1.3.9.jar:/opt/hadoop/2.6.0/share/hadoop/common/lib/jaxb-api-2.2.2.jar:/opt/hadoop/2.6.0/share/hadoop/common/lib/jersey-core-1.9.jar:/opt/hadoop/2.6.0/share/hadoop/common/lib/commons-codec-1.4.jar:/opt/hadoop/2.6.0/share/hadoop/common/lib/commons-httpclient-3.1.jar:/opt/hadoop/2.6.0/share/hadoop/common/lib/commons-el-1.0.jar:/opt/hadoop/2.6.0/share/hadoop/common/lib/jasper-runtime-5.5.23.jar:/opt/hadoop/2.6.0/share/hadoop/common/lib/jets3t-0.9.0.jar:/opt/hadoop/2.6.0/share/hadoop/common/lib/log4j-1.2.17.jar:/opt/hadoop/2.6.0/share/hadoop/common/lib/jetty-6.1.26.jar:/opt/hadoop/2.6.0/share/hadoop/common/lib/htrace-core-3.0.4.jar:/opt/hadoop/2.6.0/share/hadoop/common/lib/xz-1.0.jar:/opt/hadoop/2.6.0/share/hadoop/common/lib/httpclient-4.2.5.jar:/opt/hadoop/2.6.0/share/hadoop/common/lib/commons-beanutils-1.7.0.jar:/opt/hadoop/2.6.0/share/hadoop/common/lib/commons-math3-3.1.1.jar:/opt/hadoop/2.6.0/share/hadoop/common/lib/activation-1.1.jar:/opt/hadoop/2.6.0/share/hadoop/common/lib/jackson-xc-1.9.13.jar:/opt/hadoop/2.6.0/share/hadoop/common/lib/commons-compress-1.4.1.jar:/opt/hadoop/2.6.0/share/hadoop/common/lib/commons-lang-2.6.jar:/opt/hadoop/2.6.0/share/hadoop/common/lib/hadoop-auth-2.6.0.jar:/opt/hadoop/2.6.0/share/hadoop/common/lib/commons-cli-1.2.jar:/opt/hadoop/2.6.0/share/hadoop/common/lib/jsp-api-2.1.jar:/opt/hadoop/2.6.0/share/hadoop/common/lib/snappy-java-1.0.4.1.jar:/opt/hadoop/2.6.0/share/hadoop/common/lib/commons-io-2.4.jar:/opt/hadoop/2.6.0/share/hadoop/common/lib/asm-3.2.jar:/opt/hadoop/2.6.0/share/hadoop/common/lib/curator-client-2.6.0.jar:/opt/hadoop/2.6.0/share/hadoop/common/lib/slf4j-log4j12-1.7.5.jar:/opt/hadoop/2.6.0/share/hadoop/common/lib/avro-1.7.4.jar:/opt/hadoop/2.6.0/share/hadoop/common/lib/commons-digester-1.8.jar:/opt/hadoop/2.6.0/share/hadoop/common/lib/commons-configuration-1.6.jar:/opt/hadoop/2.6.0/share/hadoop/common/lib/jaxb-impl-2.2.3-1.jar:/opt/hadoop/2.6.0/share/hadoop/common/lib/guava-11.0.2.jar:/opt/hadoop/2.6.0/share/hadoop/common/lib/commons-net-3.1.jar:/opt/hadoop/2.6.0/share/hadoop/common/lib/jersey-server-1.9.jar:/opt/hadoop/2.6.0/share/hadoop/common/lib/jersey-json-1.9.jar:/opt/hadoop/2.6.0/share/hadoop/common/lib/protobuf-java-2.5.0.jar:/opt/hadoop/2.6.0/share/hadoop/common/lib/slf4j-api-1.7.5.jar:/opt/hadoop/2.6.0/share/hadoop/common/lib/commons-beanutils-core-1.8.0.jar:/opt/hadoop/2.6.0/share/hadoop/common/lib/mockito-all-1.8.5.jar:/opt/hadoop/2.6.0/share/hadoop/common/lib/api-asn1-api-1.0.0-M20.jar:/opt/hadoop/2.6.0/share/hadoop/common/lib/zookeeper-3.4.6.jar:/opt/hadoop/2.6.0/share/hadoop/common/lib/jettison-1.1.jar:/opt/hadoop/2.6.0/share/hadoop/common/lib/curator-framework-2.6.0.jar:/opt/hadoop/2.6.0/share/hadoop/common/lib/junit-4.11.jar:/opt/hadoop/2.6.0/share/hadoop/common/lib/paranamer-2.3.jar:/opt/hadoop/2.6.0/share/hadoop/common/lib/jasper-compiler-5.5.23.jar:/opt/hadoop/2.6.0/share/hadoop/common/lib/java-xmlbuilder-0.4.jar:/opt/hadoop/2.6.0/share/hadoop/common/lib/stax-api-1.0-2.jar:/opt/hadoop/2.6.0/share/hadoop/common/lib/jackson-mapper-asl-1.9.13.jar:/opt/hadoop/2.6.0/share/hadoop/common/lib/apacheds-kerberos-codec-2.0.0-M15.jar:/opt/hadoop/2.6.0/share/hadoop/common/lib/api-util-1.0.0-M20.jar:/opt/hadoop/2.6.0/share/hadoop/common/hadoop-common-2.6.0-tests.jar:/opt/hadoop/2.6.0/share/hadoop/common/hadoop-common-2.6.0.jar:/opt/hadoop/2.6.0/share/hadoop/common/hadoop-nfs-2.6.0.jar:/opt/hadoop/2.6.0/share/hadoop/hdfs:/opt/hadoop/2.6.0/share/hadoop/hdfs/lib/xmlenc-0.52.jar:/opt/hadoop/2.6.0/share/hadoop/hdfs/lib/jetty-util-6.1.26.jar:/opt/hadoop/2.6.0/share/hadoop/hdfs/lib/servlet-api-2.5.jar:/opt/hadoop/2.6.0/share/hadoop/hdfs/lib/commons-logging-1.1.3.jar:/opt/hadoop/2.6.0/share/hadoop/hdfs/lib/netty-3.6.2.Final.jar:/opt/hadoop/2.6.0/share/hadoop/hdfs/lib/jackson-core-asl-1.9.13.jar:/opt/hadoop/2.6.0/share/hadoop/hdfs/lib/jsr305-1.3.9.jar:/opt/hadoop/2.6.0/share/hadoop/hdfs/lib/jersey-core-1.9.jar:/opt/hadoop/2.6.0/share/hadoop/hdfs/lib/commons-codec-1.4.jar:/opt/hadoop/2.6.0/share/hadoop/hdfs/lib/commons-el-1.0.jar:/opt/hadoop/2.6.0/share/hadoop/hdfs/lib/jasper-runtime-5.5.23.jar:/opt/hadoop/2.6.0/share/hadoop/hdfs/lib/log4j-1.2.17.jar:/opt/hadoop/2.6.0/share/hadoop/hdfs/lib/jetty-6.1.26.jar:/opt/hadoop/2.6.0/share/hadoop/hdfs/lib/htrace-core-3.0.4.jar:/opt/hadoop/2.6.0/share/hadoop/hdfs/lib/commons-lang-2.6.jar:/opt/hadoop/2.6.0/share/hadoop/hdfs/lib/commons-cli-1.2.jar:/opt/hadoop/2.6.0/share/hadoop/hdfs/lib/jsp-api-2.1.jar:/opt/hadoop/2.6.0/share/hadoop/hdfs/lib/commons-io-2.4.jar:/opt/hadoop/2.6.0/share/hadoop/hdfs/lib/asm-3.2.jar:/opt/hadoop/2.6.0/share/hadoop/hdfs/lib/guava-11.0.2.jar:/opt/hadoop/2.6.0/share/hadoop/hdfs/lib/jersey-server-1.9.jar:/opt/hadoop/2.6.0/share/hadoop/hdfs/lib/protobuf-java-2.5.0.jar:/opt/hadoop/2.6.0/share/hadoop/hdfs/lib/xml-apis-1.3.04.jar:/opt/hadoop/2.6.0/share/hadoop/hdfs/lib/xercesImpl-2.9.1.jar:/opt/hadoop/2.6.0/share/hadoop/hdfs/lib/commons-daemon-1.0.13.jar:/opt/hadoop/2.6.0/share/hadoop/hdfs/lib/jackson-mapper-asl-1.9.13.jar:/opt/hadoop/2.6.0/share/hadoop/hdfs/hadoop-hdfs-2.6.0-tests.jar:/opt/hadoop/2.6.0/share/hadoop/hdfs/hadoop-hdfs-nfs-2.6.0.jar:/opt/hadoop/2.6.0/share/hadoop/hdfs/hadoop-hdfs-2.6.0.jar:/opt/hadoop/2.6.0/share/hadoop/yarn/lib/jetty-util-6.1.26.jar:/opt/hadoop/2.6.0/share/hadoop/yarn/lib/servlet-api-2.5.jar:/opt/hadoop/2.6.0/share/hadoop/yarn/lib/jackson-jaxrs-1.9.13.jar:/opt/hadoop/2.6.0/share/hadoop/yarn/lib/commons-logging-1.1.3.jar:/opt/hadoop/2.6.0/share/hadoop/yarn/lib/netty-3.6.2.Final.jar:/opt/hadoop/2.6.0/share/hadoop/yarn/lib/jersey-client-1.9.jar:/opt/hadoop/2.6.0/share/hadoop/yarn/lib/commons-collections-3.2.1.jar:/opt/hadoop/2.6.0/share/hadoop/yarn/lib/leveldbjni-all-1.8.jar:/opt/hadoop/2.6.0/share/hadoop/yarn/lib/jackson-core-asl-1.9.13.jar:/opt/hadoop/2.6.0/share/hadoop/yarn/lib/jsr305-1.3.9.jar:/opt/hadoop/2.6.0/share/hadoop/yarn/lib/jaxb-api-2.2.2.jar:/opt/hadoop/2.6.0/share/hadoop/yarn/lib/jline-0.9.94.jar:/opt/hadoop/2.6.0/share/hadoop/yarn/lib/jersey-core-1.9.jar:/opt/hadoop/2.6.0/share/hadoop/yarn/lib/commons-codec-1.4.jar:/opt/hadoop/2.6.0/share/hadoop/yarn/lib/commons-httpclient-3.1.jar:/opt/hadoop/2.6.0/share/hadoop/yarn/lib/log4j-1.2.17.jar:/opt/hadoop/2.6.0/share/hadoop/yarn/lib/jetty-6.1.26.jar:/opt/hadoop/2.6.0/share/hadoop/yarn/lib/guice-3.0.jar:/opt/hadoop/2.6.0/share/hadoop/yarn/lib/xz-1.0.jar:/opt/hadoop/2.6.0/share/hadoop/yarn/lib/activation-1.1.jar:/opt/hadoop/2.6.0/share/hadoop/yarn/lib/jackson-xc-1.9.13.jar:/opt/hadoop/2.6.0/share/hadoop/yarn/lib/commons-compress-1.4.1.jar:/opt/hadoop/2.6.0/share/hadoop/yarn/lib/commons-lang-2.6.jar:/opt/hadoop/2.6.0/share/hadoop/yarn/lib/javax.inject-1.jar:/opt/hadoop/2.6.0/share/hadoop/yarn/lib/commons-cli-1.2.jar:/opt/hadoop/2.6.0/share/hadoop/yarn/lib/commons-io-2.4.jar:/opt/hadoop/2.6.0/share/hadoop/yarn/lib/asm-3.2.jar:/opt/hadoop/2.6.0/share/hadoop/yarn/lib/jersey-guice-1.9.jar:/opt/hadoop/2.6.0/share/hadoop/yarn/lib/jaxb-impl-2.2.3-1.jar:/opt/hadoop/2.6.0/share/hadoop/yarn/lib/guava-11.0.2.jar:/opt/hadoop/2.6.0/share/hadoop/yarn/lib/jersey-server-1.9.jar:/opt/hadoop/2.6.0/share/hadoop/yarn/lib/jersey-json-1.9.jar:/opt/hadoop/2.6.0/share/hadoop/yarn/lib/aopalliance-1.0.jar:/opt/hadoop/2.6.0/share/hadoop/yarn/lib/protobuf-java-2.5.0.jar:/opt/hadoop/2.6.0/share/hadoop/yarn/lib/guice-servlet-3.0.jar:/opt/hadoop/2.6.0/share/hadoop/yarn/lib/zookeeper-3.4.6.jar:/opt/hadoop/2.6.0/share/hadoop/yarn/lib/jettison-1.1.jar:/opt/hadoop/2.6.0/share/hadoop/yarn/lib/stax-api-1.0-2.jar:/opt/hadoop/2.6.0/share/hadoop/yarn/lib/jackson-mapper-asl-1.9.13.jar:/opt/hadoop/2.6.0/share/hadoop/yarn/hadoop-yarn-server-nodemanager-2.6.0.jar:/opt/hadoop/2.6.0/share/hadoop/yarn/hadoop-yarn-common-2.6.0.jar:/opt/hadoop/2.6.0/share/hadoop/yarn/hadoop-yarn-server-tests-2.6.0.jar:/opt/hadoop/2.6.0/share/hadoop/yarn/hadoop-yarn-applications-unmanaged-am-launcher-2.6.0.jar:/opt/hadoop/2.6.0/share/hadoop/yarn/hadoop-yarn-server-common-2.6.0.jar:/opt/hadoop/2.6.0/share/hadoop/yarn/hadoop-yarn-applications-distributedshell-2.6.0.jar:/opt/hadoop/2.6.0/share/hadoop/yarn/hadoop-yarn-registry-2.6.0.jar:/opt/hadoop/2.6.0/share/hadoop/yarn/hadoop-yarn-server-resourcemanager-2.6.0.jar:/opt/hadoop/2.6.0/share/hadoop/yarn/hadoop-yarn-server-applicationhistoryservice-2.6.0.jar:/opt/hadoop/2.6.0/share/hadoop/yarn/hadoop-yarn-client-2.6.0.jar:/opt/hadoop/2.6.0/share/hadoop/yarn/hadoop-yarn-server-web-proxy-2.6.0.jar:/opt/hadoop/2.6.0/share/hadoop/yarn/hadoop-yarn-api-2.6.0.jar:/opt/hadoop/2.6.0/share/hadoop/mapreduce/lib/hamcrest-core-1.3.jar:/opt/hadoop/2.6.0/share/hadoop/mapreduce/lib/netty-3.6.2.Final.jar:/opt/hadoop/2.6.0/share/hadoop/mapreduce/lib/leveldbjni-all-1.8.jar:/opt/hadoop/2.6.0/share/hadoop/mapreduce/lib/hadoop-annotations-2.6.0.jar:/opt/hadoop/2.6.0/share/hadoop/mapreduce/lib/jackson-core-asl-1.9.13.jar:/opt/hadoop/2.6.0/share/hadoop/mapreduce/lib/jersey-core-1.9.jar:/opt/hadoop/2.6.0/share/hadoop/mapreduce/lib/log4j-1.2.17.jar:/opt/hadoop/2.6.0/share/hadoop/mapreduce/lib/guice-3.0.jar:/opt/hadoop/2.6.0/share/hadoop/mapreduce/lib/xz-1.0.jar:/opt/hadoop/2.6.0/share/hadoop/mapreduce/lib/commons-compress-1.4.1.jar:/opt/hadoop/2.6.0/share/hadoop/mapreduce/lib/javax.inject-1.jar:/opt/hadoop/2.6.0/share/hadoop/mapreduce/lib/snappy-java-1.0.4.1.jar:/opt/hadoop/2.6.0/share/hadoop/mapreduce/lib/commons-io-2.4.jar:/opt/hadoop/2.6.0/share/hadoop/mapreduce/lib/asm-3.2.jar:/opt/hadoop/2.6.0/share/hadoop/mapreduce/lib/avro-1.7.4.jar:/opt/hadoop/2.6.0/share/hadoop/mapreduce/lib/jersey-guice-1.9.jar:/opt/hadoop/2.6.0/share/hadoop/mapreduce/lib/jersey-server-1.9.jar:/opt/hadoop/2.6.0/share/hadoop/mapreduce/lib/aopalliance-1.0.jar:/opt/hadoop/2.6.0/share/hadoop/mapreduce/lib/protobuf-java-2.5.0.jar:/opt/hadoop/2.6.0/share/hadoop/mapreduce/lib/guice-servlet-3.0.jar:/opt/hadoop/2.6.0/share/hadoop/mapreduce/lib/junit-4.11.jar:/opt/hadoop/2.6.0/share/hadoop/mapreduce/lib/paranamer-2.3.jar:/opt/hadoop/2.6.0/share/hadoop/mapreduce/lib/jackson-mapper-asl-1.9.13.jar:/opt/hadoop/2.6.0/share/hadoop/mapreduce/hadoop-mapreduce-client-jobclient-2.6.0-tests.jar:/opt/hadoop/2.6.0/share/hadoop/mapreduce/hadoop-mapreduce-examples-2.6.0.jar:/opt/hadoop/2.6.0/share/hadoop/mapreduce/hadoop-mapreduce-client-jobclient-2.6.0.jar:/opt/hadoop/2.6.0/share/hadoop/mapreduce/hadoop-mapreduce-client-core-2.6.0.jar:/opt/hadoop/2.6.0/share/hadoop/mapreduce/hadoop-mapreduce-client-common-2.6.0.jar:/opt/hadoop/2.6.0/share/hadoop/mapreduce/hadoop-mapreduce-client-app-2.6.0.jar:/opt/hadoop/2.6.0/share/hadoop/mapreduce/hadoop-mapreduce-client-hs-plugins-2.6.0.jar:/opt/hadoop/2.6.0/share/hadoop/mapreduce/hadoop-mapreduce-client-shuffle-2.6.0.jar:/opt/hadoop/2.6.0/share/hadoop/mapreduce/hadoop-mapreduce-client-hs-2.6.0.jar:/opt/hadoop/2.6.0/contrib/capacity-scheduler/*.jar
STARTUP_MSG:   build = https://git-wip-us.apache.org/repos/asf/hadoop.git -r e3496499ecb8d220fba99dc5ed4c99c8f9e33bb1; compiled by 'jenkins' on 2014-11-13T21:10Z
STARTUP_MSG:   java = 1.8.0_60
************************************************************/
19/09/28 01:00:20 INFO namenode.NameNode: registered UNIX signal handlers for [TERM, HUP, INT]
19/09/28 01:00:20 INFO namenode.NameNode: createNameNode [-format]
19/09/28 01:00:20 WARN util.NativeCodeLoader: Unable to load native-hadoop library for your platform... using builtin-java classes where applicable
19/09/28 01:00:20 WARN common.Util: Path /scratch/sxa5726/26951672/namenode_data should be specified as a URI in configuration files. Please update hdfs configuration.
19/09/28 01:00:20 WARN common.Util: Path /scratch/sxa5726/26951672/namenode_data should be specified as a URI in configuration files. Please update hdfs configuration.
Formatting using clusterid: CID-527d4460-1cc2-4710-9030-08eb096341f6
19/09/28 01:00:20 INFO namenode.FSNamesystem: No KeyProvider found.
19/09/28 01:00:20 INFO namenode.FSNamesystem: fsLock is fair:true
19/09/28 01:00:20 INFO blockmanagement.DatanodeManager: dfs.block.invalidate.limit=1000
19/09/28 01:00:20 INFO blockmanagement.DatanodeManager: dfs.namenode.datanode.registration.ip-hostname-check=true
19/09/28 01:00:20 INFO blockmanagement.BlockManager: dfs.namenode.startup.delay.block.deletion.sec is set to 000:00:00:00.000
19/09/28 01:00:20 INFO blockmanagement.BlockManager: The block deletion will start around 2019 Sep 28 01:00:20
19/09/28 01:00:20 INFO util.GSet: Computing capacity for map BlocksMap
19/09/28 01:00:20 INFO util.GSet: VM type       = 64-bit
19/09/28 01:00:20 INFO util.GSet: 2.0% max memory 958.5 MB = 19.2 MB
19/09/28 01:00:20 INFO util.GSet: capacity      = 2^21 = 2097152 entries
19/09/28 01:00:20 INFO blockmanagement.BlockManager: dfs.block.access.token.enable=false
19/09/28 01:00:20 INFO blockmanagement.BlockManager: defaultReplication         = 3
19/09/28 01:00:20 INFO blockmanagement.BlockManager: maxReplication             = 512
19/09/28 01:00:20 INFO blockmanagement.BlockManager: minReplication             = 1
19/09/28 01:00:20 INFO blockmanagement.BlockManager: maxReplicationStreams      = 2
19/09/28 01:00:20 INFO blockmanagement.BlockManager: shouldCheckForEnoughRacks  = false
19/09/28 01:00:20 INFO blockmanagement.BlockManager: replicationRecheckInterval = 3000
19/09/28 01:00:20 INFO blockmanagement.BlockManager: encryptDataTransfer        = false
19/09/28 01:00:20 INFO blockmanagement.BlockManager: maxNumBlocksToLog          = 1000
19/09/28 01:00:20 INFO namenode.FSNamesystem: fsOwner             = sxa5726 (auth:SIMPLE)
19/09/28 01:00:20 INFO namenode.FSNamesystem: supergroup          = supergroup
19/09/28 01:00:20 INFO namenode.FSNamesystem: isPermissionEnabled = true
19/09/28 01:00:20 INFO namenode.FSNamesystem: HA Enabled: false
19/09/28 01:00:20 INFO namenode.FSNamesystem: Append Enabled: true
19/09/28 01:00:21 INFO util.GSet: Computing capacity for map INodeMap
19/09/28 01:00:21 INFO util.GSet: VM type       = 64-bit
19/09/28 01:00:21 INFO util.GSet: 1.0% max memory 958.5 MB = 9.6 MB
19/09/28 01:00:21 INFO util.GSet: capacity      = 2^20 = 1048576 entries
19/09/28 01:00:21 INFO namenode.NameNode: Caching file names occuring more than 10 times
19/09/28 01:00:21 INFO util.GSet: Computing capacity for map cachedBlocks
19/09/28 01:00:21 INFO util.GSet: VM type       = 64-bit
19/09/28 01:00:21 INFO util.GSet: 0.25% max memory 958.5 MB = 2.4 MB
19/09/28 01:00:21 INFO util.GSet: capacity      = 2^18 = 262144 entries
19/09/28 01:00:21 INFO namenode.FSNamesystem: dfs.namenode.safemode.threshold-pct = 0.9990000128746033
19/09/28 01:00:21 INFO namenode.FSNamesystem: dfs.namenode.safemode.min.datanodes = 0
19/09/28 01:00:21 INFO namenode.FSNamesystem: dfs.namenode.safemode.extension     = 30000
19/09/28 01:00:21 INFO namenode.FSNamesystem: Retry cache on namenode is enabled
19/09/28 01:00:21 INFO namenode.FSNamesystem: Retry cache will use 0.03 of total heap and retry cache entry expiry time is 600000 millis
19/09/28 01:00:21 INFO util.GSet: Computing capacity for map NameNodeRetryCache
19/09/28 01:00:21 INFO util.GSet: VM type       = 64-bit
19/09/28 01:00:21 INFO util.GSet: 0.029999999329447746% max memory 958.5 MB = 294.5 KB
19/09/28 01:00:21 INFO util.GSet: capacity      = 2^15 = 32768 entries
19/09/28 01:00:21 INFO namenode.NNConf: ACLs enabled? false
19/09/28 01:00:21 INFO namenode.NNConf: XAttrs enabled? true
19/09/28 01:00:21 INFO namenode.NNConf: Maximum size of an xattr: 16384
19/09/28 01:00:21 INFO namenode.FSImage: Allocated new BlockPoolId: BP-2021022783-198.202.116.186-1569657621028
19/09/28 01:00:21 INFO common.Storage: Storage directory /scratch/sxa5726/26951672/namenode_data has been successfully formatted.
19/09/28 01:00:21 INFO namenode.NNStorageRetentionManager: Going to retain 1 images with txid >= 0
19/09/28 01:00:21 INFO util.ExitUtil: Exiting with status 0
19/09/28 01:00:21 INFO namenode.NameNode: SHUTDOWN_MSG: 
/************************************************************
SHUTDOWN_MSG: Shutting down NameNode at comet-11-39.sdsc.edu/198.202.116.186
************************************************************/
19/09/28 01:00:21 WARN util.NativeCodeLoader: Unable to load native-hadoop library for your platform... using builtin-java classes where applicable
Starting namenodes on [comet-11-39.ibnet]
comet-11-39.ibnet: starting namenode, logging to /scratch/sxa5726/26951672/logs/hadoop-sxa5726-namenode-comet-11-39.sdsc.edu.out
comet-11-39.ibnet: starting datanode, logging to /scratch/sxa5726/26951672/logs/hadoop-sxa5726-datanode-comet-11-39.sdsc.edu.out
comet-11-40.ibnet: starting datanode, logging to /scratch/sxa5726/26951672/logs/hadoop-sxa5726-datanode-comet-11-40.sdsc.edu.out
comet-11-41.ibnet: starting datanode, logging to /scratch/sxa5726/26951672/logs/hadoop-sxa5726-datanode-comet-11-41.sdsc.edu.out
Starting secondary namenodes [comet-11-39.ibnet]
comet-11-39.ibnet: starting secondarynamenode, logging to /scratch/sxa5726/26951672/logs/hadoop-sxa5726-secondarynamenode-comet-11-39.sdsc.edu.out
19/09/28 01:00:36 WARN util.NativeCodeLoader: Unable to load native-hadoop library for your platform... using builtin-java classes where applicable
starting yarn daemons
starting resourcemanager, logging to /scratch/sxa5726/26951672/logs/yarn-sxa5726-resourcemanager-comet-11-39.out
comet-11-39.ibnet: starting nodemanager, logging to /scratch/sxa5726/26951672/logs/yarn-sxa5726-nodemanager-comet-11-39.sdsc.edu.out
comet-11-40.ibnet: starting nodemanager, logging to /scratch/sxa5726/26951672/logs/yarn-sxa5726-nodemanager-comet-11-40.sdsc.edu.out
comet-11-41.ibnet: starting nodemanager, logging to /scratch/sxa5726/26951672/logs/yarn-sxa5726-nodemanager-comet-11-41.sdsc.edu.out
19/09/28 01:00:40 WARN util.NativeCodeLoader: Unable to load native-hadoop library for your platform... using builtin-java classes where applicable
19/09/28 01:00:41 WARN util.NativeCodeLoader: Unable to load native-hadoop library for your platform... using builtin-java classes where applicable
19/09/28 01:00:44 WARN util.NativeCodeLoader: Unable to load native-hadoop library for your platform... using builtin-java classes where applicable
19/09/28 01:00:45 WARN util.NativeCodeLoader: Unable to load native-hadoop library for your platform... using builtin-java classes where applicable
19/09/28 01:00:46 INFO client.RMProxy: Connecting to ResourceManager at comet-11-39.ibnet/10.22.253.80:8032
19/09/28 01:00:46 WARN mapreduce.JobSubmitter: Hadoop command-line option parsing not performed. Implement the Tool interface and execute your application with ToolRunner to remedy this.
19/09/28 01:00:46 INFO input.FileInputFormat: Total input paths to process : 1
19/09/28 01:00:46 INFO mapreduce.JobSubmitter: number of splits:1
19/09/28 01:00:46 INFO mapreduce.JobSubmitter: Submitting tokens for job: job_1569657638102_0001
19/09/28 01:00:46 INFO impl.YarnClientImpl: Submitted application application_1569657638102_0001
19/09/28 01:00:46 INFO mapreduce.Job: The url to track the job: http://comet-11-39.ibnet:8088/proxy/application_1569657638102_0001/
19/09/28 01:00:46 INFO mapreduce.Job: Running job: job_1569657638102_0001
19/09/28 01:00:51 INFO mapreduce.Job: Job job_1569657638102_0001 running in uber mode : false
19/09/28 01:00:51 INFO mapreduce.Job:  map 0% reduce 0%
19/09/28 01:01:02 INFO mapreduce.Job:  map 5% reduce 0%
19/09/28 01:01:05 INFO mapreduce.Job:  map 7% reduce 0%
19/09/28 01:01:08 INFO mapreduce.Job:  map 10% reduce 0%
19/09/28 01:01:11 INFO mapreduce.Job:  map 13% reduce 0%
19/09/28 01:01:14 INFO mapreduce.Job:  map 16% reduce 0%
19/09/28 01:01:18 INFO mapreduce.Job:  map 18% reduce 0%
19/09/28 01:01:21 INFO mapreduce.Job:  map 21% reduce 0%
19/09/28 01:01:24 INFO mapreduce.Job:  map 24% reduce 0%
19/09/28 01:01:27 INFO mapreduce.Job:  map 26% reduce 0%
19/09/28 01:01:30 INFO mapreduce.Job:  map 29% reduce 0%
19/09/28 01:01:33 INFO mapreduce.Job:  map 32% reduce 0%
19/09/28 01:01:36 INFO mapreduce.Job:  map 34% reduce 0%
19/09/28 01:01:39 INFO mapreduce.Job:  map 37% reduce 0%
19/09/28 01:01:42 INFO mapreduce.Job:  map 40% reduce 0%
19/09/28 01:01:45 INFO mapreduce.Job:  map 43% reduce 0%
19/09/28 01:01:48 INFO mapreduce.Job:  map 45% reduce 0%
19/09/28 01:01:51 INFO mapreduce.Job:  map 48% reduce 0%
19/09/28 01:01:54 INFO mapreduce.Job:  map 50% reduce 0%
19/09/28 01:01:57 INFO mapreduce.Job:  map 53% reduce 0%
19/09/28 01:02:00 INFO mapreduce.Job:  map 55% reduce 0%
19/09/28 01:02:03 INFO mapreduce.Job:  map 58% reduce 0%
19/09/28 01:02:06 INFO mapreduce.Job:  map 60% reduce 0%
19/09/28 01:02:09 INFO mapreduce.Job:  map 63% reduce 0%
19/09/28 01:02:12 INFO mapreduce.Job:  map 66% reduce 0%
19/09/28 01:02:15 INFO mapreduce.Job:  map 100% reduce 0%
19/09/28 01:02:21 INFO mapreduce.Job:  map 100% reduce 100%
19/09/28 01:02:21 INFO mapreduce.Job: Job job_1569657638102_0001 completed successfully
19/09/28 01:02:21 INFO mapreduce.Job: Counters: 49
	File System Counters
		FILE: Number of bytes read=34000006
		FILE: Number of bytes written=68479019
		FILE: Number of read operations=0
		FILE: Number of large read operations=0
		FILE: Number of write operations=0
		HDFS: Number of bytes read=36942221
		HDFS: Number of bytes written=3697
		HDFS: Number of read operations=7
		HDFS: Number of large read operations=0
		HDFS: Number of write operations=2
	Job Counters 
		Launched map tasks=1
		Launched reduce tasks=1
		Data-local map tasks=1
		Total time spent by all maps in occupied slots (ms)=81002
		Total time spent by all reduces in occupied slots (ms)=2639
		Total time spent by all map tasks (ms)=81002
		Total time spent by all reduce tasks (ms)=2639
		Total vcore-seconds taken by all map tasks=81002
		Total vcore-seconds taken by all reduce tasks=2639
		Total megabyte-seconds taken by all map tasks=82946048
		Total megabyte-seconds taken by all reduce tasks=2702336
	Map-Reduce Framework
		Map input records=1000000
		Map output records=1000000
		Map output bytes=32000000
		Map output materialized bytes=34000006
		Input split bytes=125
		Combine input records=0
		Combine output records=0
		Reduce input groups=100
		Reduce shuffle bytes=34000006
		Reduce input records=1000000
		Reduce output records=100
		Spilled Records=2000000
		Shuffled Maps =1
		Failed Shuffles=0
		Merged Map outputs=1
		GC time elapsed (ms)=2751
		CPU time spent (ms)=106850
		Physical memory (bytes) snapshot=479793152
		Virtual memory (bytes) snapshot=4342800384
		Total committed heap usage (bytes)=353370112
	Shuffle Errors
		BAD_ID=0
		CONNECTION=0
		IO_ERROR=0
		WRONG_LENGTH=0
		WRONG_MAP=0
		WRONG_REDUCE=0
	File Input Format Counters 
		Bytes Read=36941196
	File Output Format Counters 
		Bytes Written=3697
19/09/28 01:02:21 WARN util.NativeCodeLoader: Unable to load native-hadoop library for your platform... using builtin-java classes where applicable
stopping yarn daemons
stopping resourcemanager
