myHadoop: Setting MH_IPOIB_TRANSFORM='s/\([^.]*\).*$/\1.ibnet/' from myhadoop.conf
myHadoop: Setting MH_SCRATCH_DIR=/scratch/$USER/$SLURM_JOBID from myhadoop.conf
myHadoop: Using HADOOP_HOME=/opt/hadoop/2.6.0
myHadoop: Using MH_SCRATCH_DIR=/scratch/sxa5726/27700649
myHadoop: Using JAVA_HOME=/usr/java/latest
myHadoop: Generating Hadoop configuration in directory in /home/sxa5726/cometcluster...
myHadoop: Designating comet-18-18.ibnet as master node (namenode, secondary namenode, and jobtracker)
myHadoop: The following nodes will be slaves (datanode, tasktracer):
comet-18-18.ibnet
comet-18-42.ibnet
comet-18-48.ibnet
19/10/29 16:35:44 INFO namenode.NameNode: STARTUP_MSG: 
/************************************************************
STARTUP_MSG: Starting NameNode
STARTUP_MSG:   host = comet-18-18.sdsc.edu/198.202.115.51
STARTUP_MSG:   args = [-format]
STARTUP_MSG:   version = 2.6.0
STARTUP_MSG:   classpath = /home/sxa5726/cometcluster:/opt/hadoop/2.6.0/share/hadoop/common/lib/jsp-api-2.1.jar:/opt/hadoop/2.6.0/share/hadoop/common/lib/jsr305-1.3.9.jar:/opt/hadoop/2.6.0/share/hadoop/common/lib/httpclient-4.2.5.jar:/opt/hadoop/2.6.0/share/hadoop/common/lib/jetty-util-6.1.26.jar:/opt/hadoop/2.6.0/share/hadoop/common/lib/jasper-compiler-5.5.23.jar:/opt/hadoop/2.6.0/share/hadoop/common/lib/hadoop-annotations-2.6.0.jar:/opt/hadoop/2.6.0/share/hadoop/common/lib/commons-math3-3.1.1.jar:/opt/hadoop/2.6.0/share/hadoop/common/lib/jackson-mapper-asl-1.9.13.jar:/opt/hadoop/2.6.0/share/hadoop/common/lib/jsch-0.1.42.jar:/opt/hadoop/2.6.0/share/hadoop/common/lib/commons-beanutils-1.7.0.jar:/opt/hadoop/2.6.0/share/hadoop/common/lib/commons-net-3.1.jar:/opt/hadoop/2.6.0/share/hadoop/common/lib/api-asn1-api-1.0.0-M20.jar:/opt/hadoop/2.6.0/share/hadoop/common/lib/commons-collections-3.2.1.jar:/opt/hadoop/2.6.0/share/hadoop/common/lib/jaxb-impl-2.2.3-1.jar:/opt/hadoop/2.6.0/share/hadoop/common/lib/jackson-xc-1.9.13.jar:/opt/hadoop/2.6.0/share/hadoop/common/lib/hamcrest-core-1.3.jar:/opt/hadoop/2.6.0/share/hadoop/common/lib/slf4j-api-1.7.5.jar:/opt/hadoop/2.6.0/share/hadoop/common/lib/commons-compress-1.4.1.jar:/opt/hadoop/2.6.0/share/hadoop/common/lib/htrace-core-3.0.4.jar:/opt/hadoop/2.6.0/share/hadoop/common/lib/jettison-1.1.jar:/opt/hadoop/2.6.0/share/hadoop/common/lib/jackson-jaxrs-1.9.13.jar:/opt/hadoop/2.6.0/share/hadoop/common/lib/asm-3.2.jar:/opt/hadoop/2.6.0/share/hadoop/common/lib/commons-beanutils-core-1.8.0.jar:/opt/hadoop/2.6.0/share/hadoop/common/lib/stax-api-1.0-2.jar:/opt/hadoop/2.6.0/share/hadoop/common/lib/mockito-all-1.8.5.jar:/opt/hadoop/2.6.0/share/hadoop/common/lib/junit-4.11.jar:/opt/hadoop/2.6.0/share/hadoop/common/lib/gson-2.2.4.jar:/opt/hadoop/2.6.0/share/hadoop/common/lib/httpcore-4.2.5.jar:/opt/hadoop/2.6.0/share/hadoop/common/lib/xmlenc-0.52.jar:/opt/hadoop/2.6.0/share/hadoop/common/lib/guava-11.0.2.jar:/opt/hadoop/2.6.0/share/hadoop/common/lib/slf4j-log4j12-1.7.5.jar:/opt/hadoop/2.6.0/share/hadoop/common/lib/hadoop-auth-2.6.0.jar:/opt/hadoop/2.6.0/share/hadoop/common/lib/commons-lang-2.6.jar:/opt/hadoop/2.6.0/share/hadoop/common/lib/jets3t-0.9.0.jar:/opt/hadoop/2.6.0/share/hadoop/common/lib/commons-el-1.0.jar:/opt/hadoop/2.6.0/share/hadoop/common/lib/jackson-core-asl-1.9.13.jar:/opt/hadoop/2.6.0/share/hadoop/common/lib/jersey-core-1.9.jar:/opt/hadoop/2.6.0/share/hadoop/common/lib/snappy-java-1.0.4.1.jar:/opt/hadoop/2.6.0/share/hadoop/common/lib/commons-httpclient-3.1.jar:/opt/hadoop/2.6.0/share/hadoop/common/lib/commons-codec-1.4.jar:/opt/hadoop/2.6.0/share/hadoop/common/lib/java-xmlbuilder-0.4.jar:/opt/hadoop/2.6.0/share/hadoop/common/lib/servlet-api-2.5.jar:/opt/hadoop/2.6.0/share/hadoop/common/lib/commons-digester-1.8.jar:/opt/hadoop/2.6.0/share/hadoop/common/lib/curator-framework-2.6.0.jar:/opt/hadoop/2.6.0/share/hadoop/common/lib/log4j-1.2.17.jar:/opt/hadoop/2.6.0/share/hadoop/common/lib/avro-1.7.4.jar:/opt/hadoop/2.6.0/share/hadoop/common/lib/api-util-1.0.0-M20.jar:/opt/hadoop/2.6.0/share/hadoop/common/lib/curator-recipes-2.6.0.jar:/opt/hadoop/2.6.0/share/hadoop/common/lib/commons-configuration-1.6.jar:/opt/hadoop/2.6.0/share/hadoop/common/lib/activation-1.1.jar:/opt/hadoop/2.6.0/share/hadoop/common/lib/netty-3.6.2.Final.jar:/opt/hadoop/2.6.0/share/hadoop/common/lib/apacheds-kerberos-codec-2.0.0-M15.jar:/opt/hadoop/2.6.0/share/hadoop/common/lib/jasper-runtime-5.5.23.jar:/opt/hadoop/2.6.0/share/hadoop/common/lib/jetty-6.1.26.jar:/opt/hadoop/2.6.0/share/hadoop/common/lib/apacheds-i18n-2.0.0-M15.jar:/opt/hadoop/2.6.0/share/hadoop/common/lib/commons-cli-1.2.jar:/opt/hadoop/2.6.0/share/hadoop/common/lib/curator-client-2.6.0.jar:/opt/hadoop/2.6.0/share/hadoop/common/lib/jersey-json-1.9.jar:/opt/hadoop/2.6.0/share/hadoop/common/lib/paranamer-2.3.jar:/opt/hadoop/2.6.0/share/hadoop/common/lib/zookeeper-3.4.6.jar:/opt/hadoop/2.6.0/share/hadoop/common/lib/commons-io-2.4.jar:/opt/hadoop/2.6.0/share/hadoop/common/lib/xz-1.0.jar:/opt/hadoop/2.6.0/share/hadoop/common/lib/jersey-server-1.9.jar:/opt/hadoop/2.6.0/share/hadoop/common/lib/jaxb-api-2.2.2.jar:/opt/hadoop/2.6.0/share/hadoop/common/lib/commons-logging-1.1.3.jar:/opt/hadoop/2.6.0/share/hadoop/common/lib/protobuf-java-2.5.0.jar:/opt/hadoop/2.6.0/share/hadoop/common/hadoop-common-2.6.0-tests.jar:/opt/hadoop/2.6.0/share/hadoop/common/hadoop-common-2.6.0.jar:/opt/hadoop/2.6.0/share/hadoop/common/hadoop-nfs-2.6.0.jar:/opt/hadoop/2.6.0/share/hadoop/hdfs:/opt/hadoop/2.6.0/share/hadoop/hdfs/lib/jsp-api-2.1.jar:/opt/hadoop/2.6.0/share/hadoop/hdfs/lib/jsr305-1.3.9.jar:/opt/hadoop/2.6.0/share/hadoop/hdfs/lib/jetty-util-6.1.26.jar:/opt/hadoop/2.6.0/share/hadoop/hdfs/lib/jackson-mapper-asl-1.9.13.jar:/opt/hadoop/2.6.0/share/hadoop/hdfs/lib/htrace-core-3.0.4.jar:/opt/hadoop/2.6.0/share/hadoop/hdfs/lib/asm-3.2.jar:/opt/hadoop/2.6.0/share/hadoop/hdfs/lib/xmlenc-0.52.jar:/opt/hadoop/2.6.0/share/hadoop/hdfs/lib/guava-11.0.2.jar:/opt/hadoop/2.6.0/share/hadoop/hdfs/lib/xercesImpl-2.9.1.jar:/opt/hadoop/2.6.0/share/hadoop/hdfs/lib/commons-lang-2.6.jar:/opt/hadoop/2.6.0/share/hadoop/hdfs/lib/commons-el-1.0.jar:/opt/hadoop/2.6.0/share/hadoop/hdfs/lib/jackson-core-asl-1.9.13.jar:/opt/hadoop/2.6.0/share/hadoop/hdfs/lib/jersey-core-1.9.jar:/opt/hadoop/2.6.0/share/hadoop/hdfs/lib/commons-codec-1.4.jar:/opt/hadoop/2.6.0/share/hadoop/hdfs/lib/commons-daemon-1.0.13.jar:/opt/hadoop/2.6.0/share/hadoop/hdfs/lib/servlet-api-2.5.jar:/opt/hadoop/2.6.0/share/hadoop/hdfs/lib/log4j-1.2.17.jar:/opt/hadoop/2.6.0/share/hadoop/hdfs/lib/netty-3.6.2.Final.jar:/opt/hadoop/2.6.0/share/hadoop/hdfs/lib/xml-apis-1.3.04.jar:/opt/hadoop/2.6.0/share/hadoop/hdfs/lib/jasper-runtime-5.5.23.jar:/opt/hadoop/2.6.0/share/hadoop/hdfs/lib/jetty-6.1.26.jar:/opt/hadoop/2.6.0/share/hadoop/hdfs/lib/commons-cli-1.2.jar:/opt/hadoop/2.6.0/share/hadoop/hdfs/lib/commons-io-2.4.jar:/opt/hadoop/2.6.0/share/hadoop/hdfs/lib/jersey-server-1.9.jar:/opt/hadoop/2.6.0/share/hadoop/hdfs/lib/commons-logging-1.1.3.jar:/opt/hadoop/2.6.0/share/hadoop/hdfs/lib/protobuf-java-2.5.0.jar:/opt/hadoop/2.6.0/share/hadoop/hdfs/hadoop-hdfs-nfs-2.6.0.jar:/opt/hadoop/2.6.0/share/hadoop/hdfs/hadoop-hdfs-2.6.0-tests.jar:/opt/hadoop/2.6.0/share/hadoop/hdfs/hadoop-hdfs-2.6.0.jar:/opt/hadoop/2.6.0/share/hadoop/yarn/lib/aopalliance-1.0.jar:/opt/hadoop/2.6.0/share/hadoop/yarn/lib/jsr305-1.3.9.jar:/opt/hadoop/2.6.0/share/hadoop/yarn/lib/javax.inject-1.jar:/opt/hadoop/2.6.0/share/hadoop/yarn/lib/jetty-util-6.1.26.jar:/opt/hadoop/2.6.0/share/hadoop/yarn/lib/jackson-mapper-asl-1.9.13.jar:/opt/hadoop/2.6.0/share/hadoop/yarn/lib/commons-collections-3.2.1.jar:/opt/hadoop/2.6.0/share/hadoop/yarn/lib/jaxb-impl-2.2.3-1.jar:/opt/hadoop/2.6.0/share/hadoop/yarn/lib/jackson-xc-1.9.13.jar:/opt/hadoop/2.6.0/share/hadoop/yarn/lib/commons-compress-1.4.1.jar:/opt/hadoop/2.6.0/share/hadoop/yarn/lib/jettison-1.1.jar:/opt/hadoop/2.6.0/share/hadoop/yarn/lib/guice-servlet-3.0.jar:/opt/hadoop/2.6.0/share/hadoop/yarn/lib/jackson-jaxrs-1.9.13.jar:/opt/hadoop/2.6.0/share/hadoop/yarn/lib/asm-3.2.jar:/opt/hadoop/2.6.0/share/hadoop/yarn/lib/stax-api-1.0-2.jar:/opt/hadoop/2.6.0/share/hadoop/yarn/lib/guava-11.0.2.jar:/opt/hadoop/2.6.0/share/hadoop/yarn/lib/commons-lang-2.6.jar:/opt/hadoop/2.6.0/share/hadoop/yarn/lib/jackson-core-asl-1.9.13.jar:/opt/hadoop/2.6.0/share/hadoop/yarn/lib/jersey-core-1.9.jar:/opt/hadoop/2.6.0/share/hadoop/yarn/lib/commons-httpclient-3.1.jar:/opt/hadoop/2.6.0/share/hadoop/yarn/lib/commons-codec-1.4.jar:/opt/hadoop/2.6.0/share/hadoop/yarn/lib/servlet-api-2.5.jar:/opt/hadoop/2.6.0/share/hadoop/yarn/lib/leveldbjni-all-1.8.jar:/opt/hadoop/2.6.0/share/hadoop/yarn/lib/log4j-1.2.17.jar:/opt/hadoop/2.6.0/share/hadoop/yarn/lib/activation-1.1.jar:/opt/hadoop/2.6.0/share/hadoop/yarn/lib/netty-3.6.2.Final.jar:/opt/hadoop/2.6.0/share/hadoop/yarn/lib/jersey-client-1.9.jar:/opt/hadoop/2.6.0/share/hadoop/yarn/lib/jersey-guice-1.9.jar:/opt/hadoop/2.6.0/share/hadoop/yarn/lib/jetty-6.1.26.jar:/opt/hadoop/2.6.0/share/hadoop/yarn/lib/commons-cli-1.2.jar:/opt/hadoop/2.6.0/share/hadoop/yarn/lib/jersey-json-1.9.jar:/opt/hadoop/2.6.0/share/hadoop/yarn/lib/zookeeper-3.4.6.jar:/opt/hadoop/2.6.0/share/hadoop/yarn/lib/commons-io-2.4.jar:/opt/hadoop/2.6.0/share/hadoop/yarn/lib/xz-1.0.jar:/opt/hadoop/2.6.0/share/hadoop/yarn/lib/jersey-server-1.9.jar:/opt/hadoop/2.6.0/share/hadoop/yarn/lib/jaxb-api-2.2.2.jar:/opt/hadoop/2.6.0/share/hadoop/yarn/lib/commons-logging-1.1.3.jar:/opt/hadoop/2.6.0/share/hadoop/yarn/lib/jline-0.9.94.jar:/opt/hadoop/2.6.0/share/hadoop/yarn/lib/protobuf-java-2.5.0.jar:/opt/hadoop/2.6.0/share/hadoop/yarn/lib/guice-3.0.jar:/opt/hadoop/2.6.0/share/hadoop/yarn/hadoop-yarn-server-tests-2.6.0.jar:/opt/hadoop/2.6.0/share/hadoop/yarn/hadoop-yarn-api-2.6.0.jar:/opt/hadoop/2.6.0/share/hadoop/yarn/hadoop-yarn-server-applicationhistoryservice-2.6.0.jar:/opt/hadoop/2.6.0/share/hadoop/yarn/hadoop-yarn-server-common-2.6.0.jar:/opt/hadoop/2.6.0/share/hadoop/yarn/hadoop-yarn-server-resourcemanager-2.6.0.jar:/opt/hadoop/2.6.0/share/hadoop/yarn/hadoop-yarn-applications-distributedshell-2.6.0.jar:/opt/hadoop/2.6.0/share/hadoop/yarn/hadoop-yarn-client-2.6.0.jar:/opt/hadoop/2.6.0/share/hadoop/yarn/hadoop-yarn-applications-unmanaged-am-launcher-2.6.0.jar:/opt/hadoop/2.6.0/share/hadoop/yarn/hadoop-yarn-common-2.6.0.jar:/opt/hadoop/2.6.0/share/hadoop/yarn/hadoop-yarn-server-web-proxy-2.6.0.jar:/opt/hadoop/2.6.0/share/hadoop/yarn/hadoop-yarn-server-nodemanager-2.6.0.jar:/opt/hadoop/2.6.0/share/hadoop/yarn/hadoop-yarn-registry-2.6.0.jar:/opt/hadoop/2.6.0/share/hadoop/mapreduce/lib/aopalliance-1.0.jar:/opt/hadoop/2.6.0/share/hadoop/mapreduce/lib/javax.inject-1.jar:/opt/hadoop/2.6.0/share/hadoop/mapreduce/lib/hadoop-annotations-2.6.0.jar:/opt/hadoop/2.6.0/share/hadoop/mapreduce/lib/jackson-mapper-asl-1.9.13.jar:/opt/hadoop/2.6.0/share/hadoop/mapreduce/lib/hamcrest-core-1.3.jar:/opt/hadoop/2.6.0/share/hadoop/mapreduce/lib/commons-compress-1.4.1.jar:/opt/hadoop/2.6.0/share/hadoop/mapreduce/lib/guice-servlet-3.0.jar:/opt/hadoop/2.6.0/share/hadoop/mapreduce/lib/asm-3.2.jar:/opt/hadoop/2.6.0/share/hadoop/mapreduce/lib/junit-4.11.jar:/opt/hadoop/2.6.0/share/hadoop/mapreduce/lib/jackson-core-asl-1.9.13.jar:/opt/hadoop/2.6.0/share/hadoop/mapreduce/lib/jersey-core-1.9.jar:/opt/hadoop/2.6.0/share/hadoop/mapreduce/lib/snappy-java-1.0.4.1.jar:/opt/hadoop/2.6.0/share/hadoop/mapreduce/lib/leveldbjni-all-1.8.jar:/opt/hadoop/2.6.0/share/hadoop/mapreduce/lib/log4j-1.2.17.jar:/opt/hadoop/2.6.0/share/hadoop/mapreduce/lib/avro-1.7.4.jar:/opt/hadoop/2.6.0/share/hadoop/mapreduce/lib/netty-3.6.2.Final.jar:/opt/hadoop/2.6.0/share/hadoop/mapreduce/lib/jersey-guice-1.9.jar:/opt/hadoop/2.6.0/share/hadoop/mapreduce/lib/paranamer-2.3.jar:/opt/hadoop/2.6.0/share/hadoop/mapreduce/lib/commons-io-2.4.jar:/opt/hadoop/2.6.0/share/hadoop/mapreduce/lib/xz-1.0.jar:/opt/hadoop/2.6.0/share/hadoop/mapreduce/lib/jersey-server-1.9.jar:/opt/hadoop/2.6.0/share/hadoop/mapreduce/lib/protobuf-java-2.5.0.jar:/opt/hadoop/2.6.0/share/hadoop/mapreduce/lib/guice-3.0.jar:/opt/hadoop/2.6.0/share/hadoop/mapreduce/hadoop-mapreduce-client-jobclient-2.6.0.jar:/opt/hadoop/2.6.0/share/hadoop/mapreduce/hadoop-mapreduce-client-common-2.6.0.jar:/opt/hadoop/2.6.0/share/hadoop/mapreduce/hadoop-mapreduce-examples-2.6.0.jar:/opt/hadoop/2.6.0/share/hadoop/mapreduce/hadoop-mapreduce-client-jobclient-2.6.0-tests.jar:/opt/hadoop/2.6.0/share/hadoop/mapreduce/hadoop-mapreduce-client-core-2.6.0.jar:/opt/hadoop/2.6.0/share/hadoop/mapreduce/hadoop-mapreduce-client-hs-2.6.0.jar:/opt/hadoop/2.6.0/share/hadoop/mapreduce/hadoop-mapreduce-client-hs-plugins-2.6.0.jar:/opt/hadoop/2.6.0/share/hadoop/mapreduce/hadoop-mapreduce-client-app-2.6.0.jar:/opt/hadoop/2.6.0/share/hadoop/mapreduce/hadoop-mapreduce-client-shuffle-2.6.0.jar:/opt/hadoop/2.6.0/contrib/capacity-scheduler/*.jar
STARTUP_MSG:   build = https://git-wip-us.apache.org/repos/asf/hadoop.git -r e3496499ecb8d220fba99dc5ed4c99c8f9e33bb1; compiled by 'jenkins' on 2014-11-13T21:10Z
STARTUP_MSG:   java = 1.8.0_60
************************************************************/
19/10/29 16:35:44 INFO namenode.NameNode: registered UNIX signal handlers for [TERM, HUP, INT]
19/10/29 16:35:44 INFO namenode.NameNode: createNameNode [-format]
19/10/29 16:35:44 WARN util.NativeCodeLoader: Unable to load native-hadoop library for your platform... using builtin-java classes where applicable
19/10/29 16:35:44 WARN common.Util: Path /scratch/sxa5726/27700649/namenode_data should be specified as a URI in configuration files. Please update hdfs configuration.
19/10/29 16:35:44 WARN common.Util: Path /scratch/sxa5726/27700649/namenode_data should be specified as a URI in configuration files. Please update hdfs configuration.
Formatting using clusterid: CID-189bffe2-1f90-4483-9f06-d1df5bf14ed2
19/10/29 16:35:44 INFO namenode.FSNamesystem: No KeyProvider found.
19/10/29 16:35:44 INFO namenode.FSNamesystem: fsLock is fair:true
19/10/29 16:35:44 INFO blockmanagement.DatanodeManager: dfs.block.invalidate.limit=1000
19/10/29 16:35:44 INFO blockmanagement.DatanodeManager: dfs.namenode.datanode.registration.ip-hostname-check=true
19/10/29 16:35:44 INFO blockmanagement.BlockManager: dfs.namenode.startup.delay.block.deletion.sec is set to 000:00:00:00.000
19/10/29 16:35:44 INFO blockmanagement.BlockManager: The block deletion will start around 2019 Oct 29 16:35:44
19/10/29 16:35:44 INFO util.GSet: Computing capacity for map BlocksMap
19/10/29 16:35:44 INFO util.GSet: VM type       = 64-bit
19/10/29 16:35:44 INFO util.GSet: 2.0% max memory 958.5 MB = 19.2 MB
19/10/29 16:35:44 INFO util.GSet: capacity      = 2^21 = 2097152 entries
19/10/29 16:35:44 INFO blockmanagement.BlockManager: dfs.block.access.token.enable=false
19/10/29 16:35:44 INFO blockmanagement.BlockManager: defaultReplication         = 3
19/10/29 16:35:44 INFO blockmanagement.BlockManager: maxReplication             = 512
19/10/29 16:35:44 INFO blockmanagement.BlockManager: minReplication             = 1
19/10/29 16:35:44 INFO blockmanagement.BlockManager: maxReplicationStreams      = 2
19/10/29 16:35:44 INFO blockmanagement.BlockManager: shouldCheckForEnoughRacks  = false
19/10/29 16:35:44 INFO blockmanagement.BlockManager: replicationRecheckInterval = 3000
19/10/29 16:35:44 INFO blockmanagement.BlockManager: encryptDataTransfer        = false
19/10/29 16:35:44 INFO blockmanagement.BlockManager: maxNumBlocksToLog          = 1000
19/10/29 16:35:44 INFO namenode.FSNamesystem: fsOwner             = sxa5726 (auth:SIMPLE)
19/10/29 16:35:44 INFO namenode.FSNamesystem: supergroup          = supergroup
19/10/29 16:35:44 INFO namenode.FSNamesystem: isPermissionEnabled = true
19/10/29 16:35:44 INFO namenode.FSNamesystem: HA Enabled: false
19/10/29 16:35:44 INFO namenode.FSNamesystem: Append Enabled: true
19/10/29 16:35:44 INFO util.GSet: Computing capacity for map INodeMap
19/10/29 16:35:44 INFO util.GSet: VM type       = 64-bit
19/10/29 16:35:44 INFO util.GSet: 1.0% max memory 958.5 MB = 9.6 MB
19/10/29 16:35:44 INFO util.GSet: capacity      = 2^20 = 1048576 entries
19/10/29 16:35:44 INFO namenode.NameNode: Caching file names occuring more than 10 times
19/10/29 16:35:44 INFO util.GSet: Computing capacity for map cachedBlocks
19/10/29 16:35:44 INFO util.GSet: VM type       = 64-bit
19/10/29 16:35:44 INFO util.GSet: 0.25% max memory 958.5 MB = 2.4 MB
19/10/29 16:35:44 INFO util.GSet: capacity      = 2^18 = 262144 entries
19/10/29 16:35:44 INFO namenode.FSNamesystem: dfs.namenode.safemode.threshold-pct = 0.9990000128746033
19/10/29 16:35:44 INFO namenode.FSNamesystem: dfs.namenode.safemode.min.datanodes = 0
19/10/29 16:35:44 INFO namenode.FSNamesystem: dfs.namenode.safemode.extension     = 30000
19/10/29 16:35:44 INFO namenode.FSNamesystem: Retry cache on namenode is enabled
19/10/29 16:35:44 INFO namenode.FSNamesystem: Retry cache will use 0.03 of total heap and retry cache entry expiry time is 600000 millis
19/10/29 16:35:44 INFO util.GSet: Computing capacity for map NameNodeRetryCache
19/10/29 16:35:44 INFO util.GSet: VM type       = 64-bit
19/10/29 16:35:44 INFO util.GSet: 0.029999999329447746% max memory 958.5 MB = 294.5 KB
19/10/29 16:35:44 INFO util.GSet: capacity      = 2^15 = 32768 entries
19/10/29 16:35:44 INFO namenode.NNConf: ACLs enabled? false
19/10/29 16:35:44 INFO namenode.NNConf: XAttrs enabled? true
19/10/29 16:35:44 INFO namenode.NNConf: Maximum size of an xattr: 16384
19/10/29 16:35:44 INFO namenode.FSImage: Allocated new BlockPoolId: BP-606270298-198.202.115.51-1572392144659
19/10/29 16:35:44 INFO common.Storage: Storage directory /scratch/sxa5726/27700649/namenode_data has been successfully formatted.
19/10/29 16:35:44 INFO namenode.NNStorageRetentionManager: Going to retain 1 images with txid >= 0
19/10/29 16:35:44 INFO util.ExitUtil: Exiting with status 0
19/10/29 16:35:44 INFO namenode.NameNode: SHUTDOWN_MSG: 
/************************************************************
SHUTDOWN_MSG: Shutting down NameNode at comet-18-18.sdsc.edu/198.202.115.51
************************************************************/
myHadoop:  
myHadoop: Enabling experimental Spark support
myHadoop: Using SPARK_CONF_DIR=/home/sxa5726/cometcluster/spark
myHadoop:  
To use Spark, you will want to type the following commands:"
  source /home/sxa5726/cometcluster/spark/spark-env.sh
  myspark start
19/10/29 16:35:45 WARN util.NativeCodeLoader: Unable to load native-hadoop library for your platform... using builtin-java classes where applicable
Starting namenodes on [comet-18-18.ibnet]
comet-18-18.ibnet: starting namenode, logging to /scratch/sxa5726/27700649/logs/hadoop-sxa5726-namenode-comet-18-18.sdsc.edu.out
comet-18-18.ibnet: starting datanode, logging to /scratch/sxa5726/27700649/logs/hadoop-sxa5726-datanode-comet-18-18.sdsc.edu.out
comet-18-42.ibnet: starting datanode, logging to /scratch/sxa5726/27700649/logs/hadoop-sxa5726-datanode-comet-18-42.sdsc.edu.out
comet-18-48.ibnet: starting datanode, logging to /scratch/sxa5726/27700649/logs/hadoop-sxa5726-datanode-comet-18-48.sdsc.edu.out
Starting secondary namenodes [comet-18-18.ibnet]
comet-18-18.ibnet: starting secondarynamenode, logging to /scratch/sxa5726/27700649/logs/hadoop-sxa5726-secondarynamenode-comet-18-18.sdsc.edu.out
19/10/29 16:36:01 WARN util.NativeCodeLoader: Unable to load native-hadoop library for your platform... using builtin-java classes where applicable
starting yarn daemons
starting resourcemanager, logging to /scratch/sxa5726/27700649/logs/yarn-sxa5726-resourcemanager-comet-18-18.out
comet-18-18.ibnet: starting nodemanager, logging to /scratch/sxa5726/27700649/logs/yarn-sxa5726-nodemanager-comet-18-18.sdsc.edu.out
comet-18-42.ibnet: starting nodemanager, logging to /scratch/sxa5726/27700649/logs/yarn-sxa5726-nodemanager-comet-18-42.sdsc.edu.out
comet-18-48.ibnet: starting nodemanager, logging to /scratch/sxa5726/27700649/logs/yarn-sxa5726-nodemanager-comet-18-48.sdsc.edu.out
mySpark: Using /home/sxa5726/cometcluster/spark/slaves as our slaves file
mySpark: Reading in /home/sxa5726/cometcluster/spark/spark-env.sh as our slaves file
starting org.apache.spark.deploy.master.Master, logging to /scratch/sxa5726/27700649/logs/spark-sxa5726-org.apache.spark.deploy.master.Master-1-comet-18-18.out
mySpark: Starting worker on comet-18-18.ibnet:
  /opt/spark/1.5.2/sbin/spark-daemon.sh --config /home/sxa5726/cometcluster/spark start org.apache.spark.deploy.worker.Worker 1 spark://comet-18-18.ibnet:7077
starting org.apache.spark.deploy.worker.Worker, logging to /scratch/sxa5726/27700649/logs/spark-sxa5726-org.apache.spark.deploy.worker.Worker-1-comet-18-18.sdsc.edu.out
mySpark: Starting worker on comet-18-42.ibnet:
  /opt/spark/1.5.2/sbin/spark-daemon.sh --config /home/sxa5726/cometcluster/spark start org.apache.spark.deploy.worker.Worker 1 spark://comet-18-18.ibnet:7077
starting org.apache.spark.deploy.worker.Worker, logging to /scratch/sxa5726/27700649/logs/spark-sxa5726-org.apache.spark.deploy.worker.Worker-1-comet-18-42.sdsc.edu.out
mySpark: Starting worker on comet-18-48.ibnet:
  /opt/spark/1.5.2/sbin/spark-daemon.sh --config /home/sxa5726/cometcluster/spark start org.apache.spark.deploy.worker.Worker 1 spark://comet-18-18.ibnet:7077
starting org.apache.spark.deploy.worker.Worker, logging to /scratch/sxa5726/27700649/logs/spark-sxa5726-org.apache.spark.deploy.worker.Worker-1-comet-18-48.sdsc.edu.out
19/10/29 16:36:13 WARN util.NativeCodeLoader: Unable to load native-hadoop library for your platform... using builtin-java classes where applicable
19/10/29 16:36:14 WARN util.NativeCodeLoader: Unable to load native-hadoop library for your platform... using builtin-java classes where applicable
19/10/29 16:36:16 INFO spark.SparkContext: Running Spark version 1.5.2
19/10/29 16:36:16 WARN util.NativeCodeLoader: Unable to load native-hadoop library for your platform... using builtin-java classes where applicable
19/10/29 16:36:16 INFO spark.SecurityManager: Changing view acls to: sxa5726
19/10/29 16:36:16 INFO spark.SecurityManager: Changing modify acls to: sxa5726
19/10/29 16:36:16 INFO spark.SecurityManager: SecurityManager: authentication disabled; ui acls disabled; users with view permissions: Set(sxa5726); users with modify permissions: Set(sxa5726)
19/10/29 16:36:17 INFO slf4j.Slf4jLogger: Slf4jLogger started
19/10/29 16:36:17 INFO Remoting: Starting remoting
19/10/29 16:36:17 INFO Remoting: Remoting started; listening on addresses :[akka.tcp://sparkDriver@10.22.251.109:45404]
19/10/29 16:36:17 INFO util.Utils: Successfully started service 'sparkDriver' on port 45404.
19/10/29 16:36:17 INFO spark.SparkEnv: Registering MapOutputTracker
19/10/29 16:36:17 INFO spark.SparkEnv: Registering BlockManagerMaster
19/10/29 16:36:17 INFO storage.DiskBlockManager: Created local directory at /tmp/blockmgr-94ae945d-bea0-44b0-ba54-4230be2ec43d
19/10/29 16:36:17 INFO storage.MemoryStore: MemoryStore started with capacity 530.0 MB
19/10/29 16:36:17 INFO spark.HttpFileServer: HTTP File server directory is /tmp/spark-71b804c2-0d90-4243-9945-22a605a9de66/httpd-1845ed0c-2887-4969-b801-ca45164fcd7f
19/10/29 16:36:17 INFO spark.HttpServer: Starting HTTP Server
19/10/29 16:36:17 INFO server.Server: jetty-8.y.z-SNAPSHOT
19/10/29 16:36:17 INFO server.AbstractConnector: Started SocketConnector@0.0.0.0:38282
19/10/29 16:36:17 INFO util.Utils: Successfully started service 'HTTP file server' on port 38282.
19/10/29 16:36:17 INFO spark.SparkEnv: Registering OutputCommitCoordinator
19/10/29 16:36:17 INFO server.Server: jetty-8.y.z-SNAPSHOT
19/10/29 16:36:17 INFO server.AbstractConnector: Started SelectChannelConnector@0.0.0.0:4040
19/10/29 16:36:17 INFO util.Utils: Successfully started service 'SparkUI' on port 4040.
19/10/29 16:36:17 INFO ui.SparkUI: Started SparkUI at http://10.22.251.109:4040
19/10/29 16:36:17 INFO spark.SparkContext: Added JAR file:/home/sxa5726/project5/partition.jar at http://10.22.251.109:38282/jars/partition.jar with timestamp 1572392177582
19/10/29 16:36:17 WARN metrics.MetricsSystem: Using default name DAGScheduler for source because spark.app.id is not set.
19/10/29 16:36:17 INFO client.AppClient$ClientEndpoint: Connecting to master spark://comet-18-18.ibnet:7077...
19/10/29 16:36:17 INFO cluster.SparkDeploySchedulerBackend: Connected to Spark cluster with app ID app-20191029163617-0000
19/10/29 16:36:17 INFO client.AppClient$ClientEndpoint: Executor added: app-20191029163617-0000/0 on worker-20191029163612-10.22.251.79-34708 (10.22.251.79:34708) with 24 cores
19/10/29 16:36:17 INFO cluster.SparkDeploySchedulerBackend: Granted executor ID app-20191029163617-0000/0 on hostPort 10.22.251.79:34708 with 24 cores, 1024.0 MB RAM
19/10/29 16:36:17 INFO client.AppClient$ClientEndpoint: Executor added: app-20191029163617-0000/1 on worker-20191029163607-10.22.251.109-33922 (10.22.251.109:33922) with 24 cores
19/10/29 16:36:17 INFO cluster.SparkDeploySchedulerBackend: Granted executor ID app-20191029163617-0000/1 on hostPort 10.22.251.109:33922 with 24 cores, 1024.0 MB RAM
19/10/29 16:36:17 INFO client.AppClient$ClientEndpoint: Executor added: app-20191029163617-0000/2 on worker-20191029163609-10.22.251.85-45271 (10.22.251.85:45271) with 24 cores
19/10/29 16:36:17 INFO cluster.SparkDeploySchedulerBackend: Granted executor ID app-20191029163617-0000/2 on hostPort 10.22.251.85:45271 with 24 cores, 1024.0 MB RAM
19/10/29 16:36:17 INFO client.AppClient$ClientEndpoint: Executor updated: app-20191029163617-0000/0 is now RUNNING
19/10/29 16:36:17 INFO util.Utils: Successfully started service 'org.apache.spark.network.netty.NettyBlockTransferService' on port 34153.
19/10/29 16:36:17 INFO netty.NettyBlockTransferService: Server created on 34153
19/10/29 16:36:17 INFO storage.BlockManagerMaster: Trying to register BlockManager
19/10/29 16:36:17 INFO client.AppClient$ClientEndpoint: Executor updated: app-20191029163617-0000/2 is now LOADING
19/10/29 16:36:17 INFO storage.BlockManagerMasterEndpoint: Registering block manager 10.22.251.109:34153 with 530.0 MB RAM, BlockManagerId(driver, 10.22.251.109, 34153)
19/10/29 16:36:17 INFO client.AppClient$ClientEndpoint: Executor updated: app-20191029163617-0000/1 is now RUNNING
19/10/29 16:36:17 INFO storage.BlockManagerMaster: Registered BlockManager
19/10/29 16:36:17 INFO client.AppClient$ClientEndpoint: Executor updated: app-20191029163617-0000/1 is now LOADING
19/10/29 16:36:17 INFO client.AppClient$ClientEndpoint: Executor updated: app-20191029163617-0000/2 is now RUNNING
19/10/29 16:36:17 INFO client.AppClient$ClientEndpoint: Executor updated: app-20191029163617-0000/0 is now LOADING
19/10/29 16:36:18 INFO cluster.SparkDeploySchedulerBackend: SchedulerBackend is ready for scheduling beginning after reached minRegisteredResourcesRatio: 0.0
19/10/29 16:36:18 INFO storage.MemoryStore: ensureFreeSpace(120176) called with curMem=0, maxMem=555755765
19/10/29 16:36:18 INFO storage.MemoryStore: Block broadcast_0 stored as values in memory (estimated size 117.4 KB, free 529.9 MB)
19/10/29 16:36:18 INFO storage.MemoryStore: ensureFreeSpace(12887) called with curMem=120176, maxMem=555755765
19/10/29 16:36:18 INFO storage.MemoryStore: Block broadcast_0_piece0 stored as bytes in memory (estimated size 12.6 KB, free 529.9 MB)
19/10/29 16:36:18 INFO storage.BlockManagerInfo: Added broadcast_0_piece0 in memory on 10.22.251.109:34153 (size: 12.6 KB, free: 530.0 MB)
19/10/29 16:36:18 INFO spark.SparkContext: Created broadcast 0 from textFile at Partition.scala:50
19/10/29 16:36:18 INFO mapred.FileInputFormat: Total input paths to process : 1
19/10/29 16:36:18 INFO spark.SparkContext: Starting job: foreach at Partition.scala:89
19/10/29 16:36:18 INFO scheduler.DAGScheduler: Registering RDD 3 (flatMap at Partition.scala:76)
19/10/29 16:36:18 INFO scheduler.DAGScheduler: Registering RDD 6 (flatMap at Partition.scala:76)
19/10/29 16:36:18 INFO scheduler.DAGScheduler: Registering RDD 9 (flatMap at Partition.scala:76)
19/10/29 16:36:18 INFO scheduler.DAGScheduler: Registering RDD 12 (flatMap at Partition.scala:76)
19/10/29 16:36:18 INFO scheduler.DAGScheduler: Registering RDD 15 (flatMap at Partition.scala:76)
19/10/29 16:36:18 INFO scheduler.DAGScheduler: Registering RDD 18 (flatMap at Partition.scala:76)
19/10/29 16:36:18 INFO scheduler.DAGScheduler: Registering RDD 21 (map at Partition.scala:79)
19/10/29 16:36:18 INFO scheduler.DAGScheduler: Got job 0 (foreach at Partition.scala:89) with 2 output partitions
19/10/29 16:36:18 INFO scheduler.DAGScheduler: Final stage: ResultStage 7(foreach at Partition.scala:89)
19/10/29 16:36:18 INFO scheduler.DAGScheduler: Parents of final stage: List(ShuffleMapStage 6)
19/10/29 16:36:18 INFO scheduler.DAGScheduler: Missing parents: List(ShuffleMapStage 6)
19/10/29 16:36:18 INFO scheduler.DAGScheduler: Submitting ShuffleMapStage 0 (MapPartitionsRDD[3] at flatMap at Partition.scala:76), which has no missing parents
19/10/29 16:36:18 INFO storage.MemoryStore: ensureFreeSpace(5112) called with curMem=133063, maxMem=555755765
19/10/29 16:36:18 INFO storage.MemoryStore: Block broadcast_1 stored as values in memory (estimated size 5.0 KB, free 529.9 MB)
19/10/29 16:36:18 INFO storage.MemoryStore: ensureFreeSpace(2764) called with curMem=138175, maxMem=555755765
19/10/29 16:36:18 INFO storage.MemoryStore: Block broadcast_1_piece0 stored as bytes in memory (estimated size 2.7 KB, free 529.9 MB)
19/10/29 16:36:18 INFO storage.BlockManagerInfo: Added broadcast_1_piece0 in memory on 10.22.251.109:34153 (size: 2.7 KB, free: 530.0 MB)
19/10/29 16:36:18 INFO spark.SparkContext: Created broadcast 1 from broadcast at DAGScheduler.scala:861
19/10/29 16:36:18 INFO scheduler.DAGScheduler: Submitting 2 missing tasks from ShuffleMapStage 0 (MapPartitionsRDD[3] at flatMap at Partition.scala:76)
19/10/29 16:36:18 INFO scheduler.TaskSchedulerImpl: Adding task set 0.0 with 2 tasks
19/10/29 16:36:19 INFO cluster.SparkDeploySchedulerBackend: Registered executor: AkkaRpcEndpointRef(Actor[akka.tcp://sparkExecutor@10.22.251.109:43989/user/Executor#1638654385]) with ID 1
19/10/29 16:36:19 INFO scheduler.TaskSetManager: Starting task 0.0 in stage 0.0 (TID 0, 10.22.251.109, ANY, 2212 bytes)
19/10/29 16:36:19 INFO scheduler.TaskSetManager: Starting task 1.0 in stage 0.0 (TID 1, 10.22.251.109, ANY, 2212 bytes)
19/10/29 16:36:19 INFO cluster.SparkDeploySchedulerBackend: Registered executor: AkkaRpcEndpointRef(Actor[akka.tcp://sparkExecutor@10.22.251.85:36443/user/Executor#1408347394]) with ID 2
19/10/29 16:36:19 INFO cluster.SparkDeploySchedulerBackend: Registered executor: AkkaRpcEndpointRef(Actor[akka.tcp://sparkExecutor@10.22.251.79:43691/user/Executor#-490731182]) with ID 0
19/10/29 16:36:19 INFO storage.BlockManagerMasterEndpoint: Registering block manager 10.22.251.109:46439 with 530.0 MB RAM, BlockManagerId(1, 10.22.251.109, 46439)
19/10/29 16:36:19 INFO storage.BlockManagerMasterEndpoint: Registering block manager 10.22.251.85:36284 with 530.0 MB RAM, BlockManagerId(2, 10.22.251.85, 36284)
19/10/29 16:36:19 INFO storage.BlockManagerMasterEndpoint: Registering block manager 10.22.251.79:44742 with 530.0 MB RAM, BlockManagerId(0, 10.22.251.79, 44742)
19/10/29 16:36:19 INFO storage.BlockManagerInfo: Added broadcast_1_piece0 in memory on 10.22.251.109:46439 (size: 2.7 KB, free: 530.0 MB)
19/10/29 16:36:19 INFO storage.BlockManagerInfo: Added broadcast_0_piece0 in memory on 10.22.251.109:46439 (size: 12.6 KB, free: 530.0 MB)
19/10/29 16:36:20 INFO scheduler.TaskSetManager: Finished task 0.0 in stage 0.0 (TID 0) in 1504 ms on 10.22.251.109 (1/2)
19/10/29 16:36:20 INFO scheduler.TaskSetManager: Finished task 1.0 in stage 0.0 (TID 1) in 1492 ms on 10.22.251.109 (2/2)
19/10/29 16:36:20 INFO scheduler.TaskSchedulerImpl: Removed TaskSet 0.0, whose tasks have all completed, from pool 
19/10/29 16:36:20 INFO scheduler.DAGScheduler: ShuffleMapStage 0 (flatMap at Partition.scala:76) finished in 2.073 s
19/10/29 16:36:20 INFO scheduler.DAGScheduler: looking for newly runnable stages
19/10/29 16:36:20 INFO scheduler.DAGScheduler: running: Set()
19/10/29 16:36:20 INFO scheduler.DAGScheduler: waiting: Set(ShuffleMapStage 1, ShuffleMapStage 5, ShuffleMapStage 2, ShuffleMapStage 6, ShuffleMapStage 3, ResultStage 7, ShuffleMapStage 4)
19/10/29 16:36:20 INFO scheduler.DAGScheduler: failed: Set()
19/10/29 16:36:20 INFO scheduler.DAGScheduler: Missing parents for ShuffleMapStage 1: List()
19/10/29 16:36:20 INFO scheduler.DAGScheduler: Missing parents for ShuffleMapStage 5: List(ShuffleMapStage 4)
19/10/29 16:36:20 INFO scheduler.DAGScheduler: Missing parents for ShuffleMapStage 2: List(ShuffleMapStage 1)
19/10/29 16:36:20 INFO scheduler.DAGScheduler: Missing parents for ShuffleMapStage 6: List(ShuffleMapStage 5)
19/10/29 16:36:20 INFO scheduler.DAGScheduler: Missing parents for ShuffleMapStage 3: List(ShuffleMapStage 2)
19/10/29 16:36:20 INFO scheduler.DAGScheduler: Missing parents for ResultStage 7: List(ShuffleMapStage 6)
19/10/29 16:36:20 INFO scheduler.DAGScheduler: Missing parents for ShuffleMapStage 4: List(ShuffleMapStage 3)
19/10/29 16:36:20 INFO scheduler.DAGScheduler: Submitting ShuffleMapStage 1 (MapPartitionsRDD[6] at flatMap at Partition.scala:76), which is now runnable
19/10/29 16:36:20 INFO storage.MemoryStore: ensureFreeSpace(5664) called with curMem=140939, maxMem=555755765
19/10/29 16:36:20 INFO storage.MemoryStore: Block broadcast_2 stored as values in memory (estimated size 5.5 KB, free 529.9 MB)
19/10/29 16:36:20 INFO storage.MemoryStore: ensureFreeSpace(2990) called with curMem=146603, maxMem=555755765
19/10/29 16:36:20 INFO storage.MemoryStore: Block broadcast_2_piece0 stored as bytes in memory (estimated size 2.9 KB, free 529.9 MB)
19/10/29 16:36:20 INFO storage.BlockManagerInfo: Added broadcast_2_piece0 in memory on 10.22.251.109:34153 (size: 2.9 KB, free: 530.0 MB)
19/10/29 16:36:20 INFO spark.SparkContext: Created broadcast 2 from broadcast at DAGScheduler.scala:861
19/10/29 16:36:20 INFO scheduler.DAGScheduler: Submitting 2 missing tasks from ShuffleMapStage 1 (MapPartitionsRDD[6] at flatMap at Partition.scala:76)
19/10/29 16:36:20 INFO scheduler.TaskSchedulerImpl: Adding task set 1.0 with 2 tasks
19/10/29 16:36:20 INFO scheduler.TaskSetManager: Starting task 0.0 in stage 1.0 (TID 2, 10.22.251.109, PROCESS_LOCAL, 1945 bytes)
19/10/29 16:36:20 INFO scheduler.TaskSetManager: Starting task 1.0 in stage 1.0 (TID 3, 10.22.251.79, PROCESS_LOCAL, 1945 bytes)
19/10/29 16:36:20 INFO storage.BlockManagerInfo: Added broadcast_2_piece0 in memory on 10.22.251.109:46439 (size: 2.9 KB, free: 530.0 MB)
19/10/29 16:36:20 INFO spark.MapOutputTrackerMasterEndpoint: Asked to send map output locations for shuffle 6 to 10.22.251.109:43989
19/10/29 16:36:20 INFO spark.MapOutputTrackerMaster: Size of output statuses for shuffle 6 is 151 bytes
19/10/29 16:36:21 INFO storage.BlockManagerInfo: Added broadcast_2_piece0 in memory on 10.22.251.79:44742 (size: 2.9 KB, free: 530.0 MB)
19/10/29 16:36:21 INFO spark.MapOutputTrackerMasterEndpoint: Asked to send map output locations for shuffle 6 to 10.22.251.79:43691
19/10/29 16:36:21 INFO scheduler.TaskSetManager: Finished task 0.0 in stage 1.0 (TID 2) in 1019 ms on 10.22.251.109 (1/2)
19/10/29 16:36:22 INFO scheduler.TaskSetManager: Finished task 1.0 in stage 1.0 (TID 3) in 1426 ms on 10.22.251.79 (2/2)
19/10/29 16:36:22 INFO scheduler.DAGScheduler: ShuffleMapStage 1 (flatMap at Partition.scala:76) finished in 1.428 s
19/10/29 16:36:22 INFO scheduler.TaskSchedulerImpl: Removed TaskSet 1.0, whose tasks have all completed, from pool 
19/10/29 16:36:22 INFO scheduler.DAGScheduler: looking for newly runnable stages
19/10/29 16:36:22 INFO scheduler.DAGScheduler: running: Set()
19/10/29 16:36:22 INFO scheduler.DAGScheduler: waiting: Set(ShuffleMapStage 5, ShuffleMapStage 2, ShuffleMapStage 6, ShuffleMapStage 3, ResultStage 7, ShuffleMapStage 4)
19/10/29 16:36:22 INFO scheduler.DAGScheduler: failed: Set()
19/10/29 16:36:22 INFO scheduler.DAGScheduler: Missing parents for ShuffleMapStage 5: List(ShuffleMapStage 4)
19/10/29 16:36:22 INFO scheduler.DAGScheduler: Missing parents for ShuffleMapStage 2: List()
19/10/29 16:36:22 INFO scheduler.DAGScheduler: Missing parents for ShuffleMapStage 6: List(ShuffleMapStage 5)
19/10/29 16:36:22 INFO scheduler.DAGScheduler: Missing parents for ShuffleMapStage 3: List(ShuffleMapStage 2)
19/10/29 16:36:22 INFO scheduler.DAGScheduler: Missing parents for ResultStage 7: List(ShuffleMapStage 6)
19/10/29 16:36:22 INFO scheduler.DAGScheduler: Missing parents for ShuffleMapStage 4: List(ShuffleMapStage 3)
19/10/29 16:36:22 INFO scheduler.DAGScheduler: Submitting ShuffleMapStage 2 (MapPartitionsRDD[9] at flatMap at Partition.scala:76), which is now runnable
19/10/29 16:36:22 INFO storage.MemoryStore: ensureFreeSpace(6000) called with curMem=149593, maxMem=555755765
19/10/29 16:36:22 INFO storage.MemoryStore: Block broadcast_3 stored as values in memory (estimated size 5.9 KB, free 529.9 MB)
19/10/29 16:36:22 INFO storage.MemoryStore: ensureFreeSpace(3092) called with curMem=155593, maxMem=555755765
19/10/29 16:36:22 INFO storage.MemoryStore: Block broadcast_3_piece0 stored as bytes in memory (estimated size 3.0 KB, free 529.9 MB)
19/10/29 16:36:22 INFO storage.BlockManagerInfo: Added broadcast_3_piece0 in memory on 10.22.251.109:34153 (size: 3.0 KB, free: 530.0 MB)
19/10/29 16:36:22 INFO spark.SparkContext: Created broadcast 3 from broadcast at DAGScheduler.scala:861
19/10/29 16:36:22 INFO scheduler.DAGScheduler: Submitting 2 missing tasks from ShuffleMapStage 2 (MapPartitionsRDD[9] at flatMap at Partition.scala:76)
19/10/29 16:36:22 INFO scheduler.TaskSchedulerImpl: Adding task set 2.0 with 2 tasks
19/10/29 16:36:22 INFO scheduler.TaskSetManager: Starting task 0.0 in stage 2.0 (TID 4, 10.22.251.79, PROCESS_LOCAL, 1945 bytes)
19/10/29 16:36:22 INFO scheduler.TaskSetManager: Starting task 1.0 in stage 2.0 (TID 5, 10.22.251.109, PROCESS_LOCAL, 1945 bytes)
19/10/29 16:36:22 INFO storage.BlockManagerInfo: Added broadcast_3_piece0 in memory on 10.22.251.109:46439 (size: 3.0 KB, free: 530.0 MB)
19/10/29 16:36:22 INFO storage.BlockManagerInfo: Added broadcast_3_piece0 in memory on 10.22.251.79:44742 (size: 3.0 KB, free: 530.0 MB)
19/10/29 16:36:22 INFO spark.MapOutputTrackerMasterEndpoint: Asked to send map output locations for shuffle 5 to 10.22.251.109:43989
19/10/29 16:36:22 INFO spark.MapOutputTrackerMaster: Size of output statuses for shuffle 5 is 168 bytes
19/10/29 16:36:22 INFO spark.MapOutputTrackerMasterEndpoint: Asked to send map output locations for shuffle 5 to 10.22.251.79:43691
19/10/29 16:36:23 INFO scheduler.TaskSetManager: Finished task 0.0 in stage 2.0 (TID 4) in 932 ms on 10.22.251.79 (1/2)
19/10/29 16:36:23 INFO scheduler.TaskSetManager: Finished task 1.0 in stage 2.0 (TID 5) in 968 ms on 10.22.251.109 (2/2)
19/10/29 16:36:23 INFO scheduler.DAGScheduler: ShuffleMapStage 2 (flatMap at Partition.scala:76) finished in 0.969 s
19/10/29 16:36:23 INFO scheduler.TaskSchedulerImpl: Removed TaskSet 2.0, whose tasks have all completed, from pool 
19/10/29 16:36:23 INFO scheduler.DAGScheduler: looking for newly runnable stages
19/10/29 16:36:23 INFO scheduler.DAGScheduler: running: Set()
19/10/29 16:36:23 INFO scheduler.DAGScheduler: waiting: Set(ShuffleMapStage 5, ShuffleMapStage 6, ShuffleMapStage 3, ResultStage 7, ShuffleMapStage 4)
19/10/29 16:36:23 INFO scheduler.DAGScheduler: failed: Set()
19/10/29 16:36:23 INFO scheduler.DAGScheduler: Missing parents for ShuffleMapStage 5: List(ShuffleMapStage 4)
19/10/29 16:36:23 INFO scheduler.DAGScheduler: Missing parents for ShuffleMapStage 6: List(ShuffleMapStage 5)
19/10/29 16:36:23 INFO scheduler.DAGScheduler: Missing parents for ShuffleMapStage 3: List()
19/10/29 16:36:23 INFO scheduler.DAGScheduler: Missing parents for ResultStage 7: List(ShuffleMapStage 6)
19/10/29 16:36:23 INFO scheduler.DAGScheduler: Missing parents for ShuffleMapStage 4: List(ShuffleMapStage 3)
19/10/29 16:36:23 INFO scheduler.DAGScheduler: Submitting ShuffleMapStage 3 (MapPartitionsRDD[12] at flatMap at Partition.scala:76), which is now runnable
19/10/29 16:36:23 INFO storage.MemoryStore: ensureFreeSpace(6328) called with curMem=158685, maxMem=555755765
19/10/29 16:36:23 INFO storage.MemoryStore: Block broadcast_4 stored as values in memory (estimated size 6.2 KB, free 529.9 MB)
19/10/29 16:36:23 INFO storage.MemoryStore: ensureFreeSpace(3170) called with curMem=165013, maxMem=555755765
19/10/29 16:36:23 INFO storage.MemoryStore: Block broadcast_4_piece0 stored as bytes in memory (estimated size 3.1 KB, free 529.8 MB)
19/10/29 16:36:23 INFO storage.BlockManagerInfo: Added broadcast_4_piece0 in memory on 10.22.251.109:34153 (size: 3.1 KB, free: 530.0 MB)
19/10/29 16:36:23 INFO spark.SparkContext: Created broadcast 4 from broadcast at DAGScheduler.scala:861
19/10/29 16:36:23 INFO scheduler.DAGScheduler: Submitting 2 missing tasks from ShuffleMapStage 3 (MapPartitionsRDD[12] at flatMap at Partition.scala:76)
19/10/29 16:36:23 INFO scheduler.TaskSchedulerImpl: Adding task set 3.0 with 2 tasks
19/10/29 16:36:23 INFO scheduler.TaskSetManager: Starting task 0.0 in stage 3.0 (TID 6, 10.22.251.79, PROCESS_LOCAL, 1945 bytes)
19/10/29 16:36:23 INFO scheduler.TaskSetManager: Starting task 1.0 in stage 3.0 (TID 7, 10.22.251.109, PROCESS_LOCAL, 1945 bytes)
19/10/29 16:36:23 INFO storage.BlockManagerInfo: Added broadcast_4_piece0 in memory on 10.22.251.79:44742 (size: 3.1 KB, free: 530.0 MB)
19/10/29 16:36:23 INFO storage.BlockManagerInfo: Added broadcast_4_piece0 in memory on 10.22.251.109:46439 (size: 3.1 KB, free: 530.0 MB)
19/10/29 16:36:23 INFO spark.MapOutputTrackerMasterEndpoint: Asked to send map output locations for shuffle 4 to 10.22.251.79:43691
19/10/29 16:36:23 INFO spark.MapOutputTrackerMaster: Size of output statuses for shuffle 4 is 168 bytes
19/10/29 16:36:23 INFO spark.MapOutputTrackerMasterEndpoint: Asked to send map output locations for shuffle 4 to 10.22.251.109:43989
19/10/29 16:36:24 INFO scheduler.TaskSetManager: Finished task 0.0 in stage 3.0 (TID 6) in 982 ms on 10.22.251.79 (1/2)
19/10/29 16:36:24 INFO scheduler.TaskSetManager: Finished task 1.0 in stage 3.0 (TID 7) in 1046 ms on 10.22.251.109 (2/2)
19/10/29 16:36:24 INFO scheduler.DAGScheduler: ShuffleMapStage 3 (flatMap at Partition.scala:76) finished in 1.047 s
19/10/29 16:36:24 INFO scheduler.TaskSchedulerImpl: Removed TaskSet 3.0, whose tasks have all completed, from pool 
19/10/29 16:36:24 INFO scheduler.DAGScheduler: looking for newly runnable stages
19/10/29 16:36:24 INFO scheduler.DAGScheduler: running: Set()
19/10/29 16:36:24 INFO scheduler.DAGScheduler: waiting: Set(ShuffleMapStage 5, ShuffleMapStage 6, ResultStage 7, ShuffleMapStage 4)
19/10/29 16:36:24 INFO scheduler.DAGScheduler: failed: Set()
19/10/29 16:36:24 INFO scheduler.DAGScheduler: Missing parents for ShuffleMapStage 5: List(ShuffleMapStage 4)
19/10/29 16:36:24 INFO scheduler.DAGScheduler: Missing parents for ShuffleMapStage 6: List(ShuffleMapStage 5)
19/10/29 16:36:24 INFO scheduler.DAGScheduler: Missing parents for ResultStage 7: List(ShuffleMapStage 6)
19/10/29 16:36:24 INFO scheduler.DAGScheduler: Missing parents for ShuffleMapStage 4: List()
19/10/29 16:36:24 INFO scheduler.DAGScheduler: Submitting ShuffleMapStage 4 (MapPartitionsRDD[15] at flatMap at Partition.scala:76), which is now runnable
19/10/29 16:36:24 INFO storage.MemoryStore: ensureFreeSpace(6664) called with curMem=168183, maxMem=555755765
19/10/29 16:36:24 INFO storage.MemoryStore: Block broadcast_5 stored as values in memory (estimated size 6.5 KB, free 529.8 MB)
19/10/29 16:36:24 INFO storage.MemoryStore: ensureFreeSpace(3261) called with curMem=174847, maxMem=555755765
19/10/29 16:36:24 INFO storage.MemoryStore: Block broadcast_5_piece0 stored as bytes in memory (estimated size 3.2 KB, free 529.8 MB)
19/10/29 16:36:24 INFO storage.BlockManagerInfo: Added broadcast_5_piece0 in memory on 10.22.251.109:34153 (size: 3.2 KB, free: 530.0 MB)
19/10/29 16:36:24 INFO spark.SparkContext: Created broadcast 5 from broadcast at DAGScheduler.scala:861
19/10/29 16:36:24 INFO scheduler.DAGScheduler: Submitting 2 missing tasks from ShuffleMapStage 4 (MapPartitionsRDD[15] at flatMap at Partition.scala:76)
19/10/29 16:36:24 INFO scheduler.TaskSchedulerImpl: Adding task set 4.0 with 2 tasks
19/10/29 16:36:24 INFO scheduler.TaskSetManager: Starting task 0.0 in stage 4.0 (TID 8, 10.22.251.79, PROCESS_LOCAL, 1945 bytes)
19/10/29 16:36:24 INFO scheduler.TaskSetManager: Starting task 1.0 in stage 4.0 (TID 9, 10.22.251.85, PROCESS_LOCAL, 1945 bytes)
19/10/29 16:36:24 INFO storage.BlockManagerInfo: Added broadcast_5_piece0 in memory on 10.22.251.79:44742 (size: 3.2 KB, free: 530.0 MB)
19/10/29 16:36:24 INFO spark.MapOutputTrackerMasterEndpoint: Asked to send map output locations for shuffle 3 to 10.22.251.79:43691
19/10/29 16:36:24 INFO spark.MapOutputTrackerMaster: Size of output statuses for shuffle 3 is 168 bytes
19/10/29 16:36:24 INFO storage.BlockManagerInfo: Added broadcast_5_piece0 in memory on 10.22.251.85:36284 (size: 3.2 KB, free: 530.0 MB)
19/10/29 16:36:24 INFO spark.MapOutputTrackerMasterEndpoint: Asked to send map output locations for shuffle 3 to 10.22.251.85:36443
19/10/29 16:36:26 INFO scheduler.TaskSetManager: Finished task 0.0 in stage 4.0 (TID 8) in 1718 ms on 10.22.251.79 (1/2)
19/10/29 16:36:26 INFO scheduler.TaskSetManager: Finished task 1.0 in stage 4.0 (TID 9) in 2380 ms on 10.22.251.85 (2/2)
19/10/29 16:36:26 INFO scheduler.DAGScheduler: ShuffleMapStage 4 (flatMap at Partition.scala:76) finished in 2.380 s
19/10/29 16:36:26 INFO scheduler.TaskSchedulerImpl: Removed TaskSet 4.0, whose tasks have all completed, from pool 
19/10/29 16:36:26 INFO scheduler.DAGScheduler: looking for newly runnable stages
19/10/29 16:36:26 INFO scheduler.DAGScheduler: running: Set()
19/10/29 16:36:26 INFO scheduler.DAGScheduler: waiting: Set(ShuffleMapStage 5, ShuffleMapStage 6, ResultStage 7)
19/10/29 16:36:26 INFO scheduler.DAGScheduler: failed: Set()
19/10/29 16:36:26 INFO scheduler.DAGScheduler: Missing parents for ShuffleMapStage 5: List()
19/10/29 16:36:26 INFO scheduler.DAGScheduler: Missing parents for ShuffleMapStage 6: List(ShuffleMapStage 5)
19/10/29 16:36:26 INFO scheduler.DAGScheduler: Missing parents for ResultStage 7: List(ShuffleMapStage 6)
19/10/29 16:36:26 INFO scheduler.DAGScheduler: Submitting ShuffleMapStage 5 (MapPartitionsRDD[18] at flatMap at Partition.scala:76), which is now runnable
19/10/29 16:36:26 INFO storage.MemoryStore: ensureFreeSpace(6992) called with curMem=178108, maxMem=555755765
19/10/29 16:36:26 INFO storage.MemoryStore: Block broadcast_6 stored as values in memory (estimated size 6.8 KB, free 529.8 MB)
19/10/29 16:36:26 INFO storage.MemoryStore: ensureFreeSpace(3331) called with curMem=185100, maxMem=555755765
19/10/29 16:36:26 INFO storage.MemoryStore: Block broadcast_6_piece0 stored as bytes in memory (estimated size 3.3 KB, free 529.8 MB)
19/10/29 16:36:26 INFO storage.BlockManagerInfo: Added broadcast_6_piece0 in memory on 10.22.251.109:34153 (size: 3.3 KB, free: 530.0 MB)
19/10/29 16:36:26 INFO spark.SparkContext: Created broadcast 6 from broadcast at DAGScheduler.scala:861
19/10/29 16:36:26 INFO scheduler.DAGScheduler: Submitting 2 missing tasks from ShuffleMapStage 5 (MapPartitionsRDD[18] at flatMap at Partition.scala:76)
19/10/29 16:36:26 INFO scheduler.TaskSchedulerImpl: Adding task set 5.0 with 2 tasks
19/10/29 16:36:26 INFO scheduler.TaskSetManager: Starting task 0.0 in stage 5.0 (TID 10, 10.22.251.79, PROCESS_LOCAL, 1945 bytes)
19/10/29 16:36:26 INFO scheduler.TaskSetManager: Starting task 1.0 in stage 5.0 (TID 11, 10.22.251.109, PROCESS_LOCAL, 1945 bytes)
19/10/29 16:36:26 INFO storage.BlockManagerInfo: Added broadcast_6_piece0 in memory on 10.22.251.109:46439 (size: 3.3 KB, free: 530.0 MB)
19/10/29 16:36:26 INFO storage.BlockManagerInfo: Added broadcast_6_piece0 in memory on 10.22.251.79:44742 (size: 3.3 KB, free: 530.0 MB)
19/10/29 16:36:26 INFO spark.MapOutputTrackerMasterEndpoint: Asked to send map output locations for shuffle 2 to 10.22.251.109:43989
19/10/29 16:36:26 INFO spark.MapOutputTrackerMaster: Size of output statuses for shuffle 2 is 164 bytes
19/10/29 16:36:26 INFO spark.MapOutputTrackerMasterEndpoint: Asked to send map output locations for shuffle 2 to 10.22.251.79:43691
19/10/29 16:36:29 INFO scheduler.TaskSetManager: Finished task 0.0 in stage 5.0 (TID 10) in 2413 ms on 10.22.251.79 (1/2)
19/10/29 16:36:29 INFO scheduler.TaskSetManager: Finished task 1.0 in stage 5.0 (TID 11) in 2562 ms on 10.22.251.109 (2/2)
19/10/29 16:36:29 INFO scheduler.DAGScheduler: ShuffleMapStage 5 (flatMap at Partition.scala:76) finished in 2.563 s
19/10/29 16:36:29 INFO scheduler.TaskSchedulerImpl: Removed TaskSet 5.0, whose tasks have all completed, from pool 
19/10/29 16:36:29 INFO scheduler.DAGScheduler: looking for newly runnable stages
19/10/29 16:36:29 INFO scheduler.DAGScheduler: running: Set()
19/10/29 16:36:29 INFO scheduler.DAGScheduler: waiting: Set(ShuffleMapStage 6, ResultStage 7)
19/10/29 16:36:29 INFO scheduler.DAGScheduler: failed: Set()
19/10/29 16:36:29 INFO scheduler.DAGScheduler: Missing parents for ShuffleMapStage 6: List()
19/10/29 16:36:29 INFO scheduler.DAGScheduler: Missing parents for ResultStage 7: List(ShuffleMapStage 6)
19/10/29 16:36:29 INFO scheduler.DAGScheduler: Submitting ShuffleMapStage 6 (MapPartitionsRDD[21] at map at Partition.scala:79), which is now runnable
19/10/29 16:36:29 INFO storage.MemoryStore: ensureFreeSpace(7416) called with curMem=188431, maxMem=555755765
19/10/29 16:36:29 INFO storage.MemoryStore: Block broadcast_7 stored as values in memory (estimated size 7.2 KB, free 529.8 MB)
19/10/29 16:36:29 INFO storage.MemoryStore: ensureFreeSpace(3457) called with curMem=195847, maxMem=555755765
19/10/29 16:36:29 INFO storage.MemoryStore: Block broadcast_7_piece0 stored as bytes in memory (estimated size 3.4 KB, free 529.8 MB)
19/10/29 16:36:29 INFO storage.BlockManagerInfo: Added broadcast_7_piece0 in memory on 10.22.251.109:34153 (size: 3.4 KB, free: 530.0 MB)
19/10/29 16:36:29 INFO spark.SparkContext: Created broadcast 7 from broadcast at DAGScheduler.scala:861
19/10/29 16:36:29 INFO scheduler.DAGScheduler: Submitting 2 missing tasks from ShuffleMapStage 6 (MapPartitionsRDD[21] at map at Partition.scala:79)
19/10/29 16:36:29 INFO scheduler.TaskSchedulerImpl: Adding task set 6.0 with 2 tasks
19/10/29 16:36:29 INFO scheduler.TaskSetManager: Starting task 0.0 in stage 6.0 (TID 12, 10.22.251.79, PROCESS_LOCAL, 1945 bytes)
19/10/29 16:36:29 INFO scheduler.TaskSetManager: Starting task 1.0 in stage 6.0 (TID 13, 10.22.251.109, PROCESS_LOCAL, 1945 bytes)
19/10/29 16:36:29 INFO storage.BlockManagerInfo: Added broadcast_7_piece0 in memory on 10.22.251.79:44742 (size: 3.4 KB, free: 530.0 MB)
19/10/29 16:36:29 INFO storage.BlockManagerInfo: Added broadcast_7_piece0 in memory on 10.22.251.109:46439 (size: 3.4 KB, free: 530.0 MB)
19/10/29 16:36:29 INFO spark.MapOutputTrackerMasterEndpoint: Asked to send map output locations for shuffle 1 to 10.22.251.79:43691
19/10/29 16:36:29 INFO spark.MapOutputTrackerMaster: Size of output statuses for shuffle 1 is 168 bytes
19/10/29 16:36:29 INFO spark.MapOutputTrackerMasterEndpoint: Asked to send map output locations for shuffle 1 to 10.22.251.109:43989
19/10/29 16:36:30 INFO scheduler.TaskSetManager: Finished task 0.0 in stage 6.0 (TID 12) in 1284 ms on 10.22.251.79 (1/2)
19/10/29 16:36:30 INFO scheduler.TaskSetManager: Finished task 1.0 in stage 6.0 (TID 13) in 1413 ms on 10.22.251.109 (2/2)
19/10/29 16:36:30 INFO scheduler.DAGScheduler: ShuffleMapStage 6 (map at Partition.scala:79) finished in 1.414 s
19/10/29 16:36:30 INFO scheduler.TaskSchedulerImpl: Removed TaskSet 6.0, whose tasks have all completed, from pool 
19/10/29 16:36:30 INFO scheduler.DAGScheduler: looking for newly runnable stages
19/10/29 16:36:30 INFO scheduler.DAGScheduler: running: Set()
19/10/29 16:36:30 INFO scheduler.DAGScheduler: waiting: Set(ResultStage 7)
19/10/29 16:36:30 INFO scheduler.DAGScheduler: failed: Set()
19/10/29 16:36:30 INFO scheduler.DAGScheduler: Missing parents for ResultStage 7: List()
19/10/29 16:36:30 INFO scheduler.DAGScheduler: Submitting ResultStage 7 (MapPartitionsRDD[23] at map at Partition.scala:80), which is now runnable
19/10/29 16:36:30 INFO storage.MemoryStore: ensureFreeSpace(7808) called with curMem=199304, maxMem=555755765
19/10/29 16:36:30 INFO storage.MemoryStore: Block broadcast_8 stored as values in memory (estimated size 7.6 KB, free 529.8 MB)
19/10/29 16:36:30 INFO storage.MemoryStore: ensureFreeSpace(3591) called with curMem=207112, maxMem=555755765
19/10/29 16:36:30 INFO storage.MemoryStore: Block broadcast_8_piece0 stored as bytes in memory (estimated size 3.5 KB, free 529.8 MB)
19/10/29 16:36:30 INFO storage.BlockManagerInfo: Added broadcast_8_piece0 in memory on 10.22.251.109:34153 (size: 3.5 KB, free: 530.0 MB)
19/10/29 16:36:30 INFO spark.SparkContext: Created broadcast 8 from broadcast at DAGScheduler.scala:861
19/10/29 16:36:30 INFO scheduler.DAGScheduler: Submitting 2 missing tasks from ResultStage 7 (MapPartitionsRDD[23] at map at Partition.scala:80)
19/10/29 16:36:30 INFO scheduler.TaskSchedulerImpl: Adding task set 7.0 with 2 tasks
19/10/29 16:36:30 INFO scheduler.TaskSetManager: Starting task 0.0 in stage 7.0 (TID 14, 10.22.251.109, PROCESS_LOCAL, 1956 bytes)
19/10/29 16:36:30 INFO scheduler.TaskSetManager: Starting task 1.0 in stage 7.0 (TID 15, 10.22.251.85, PROCESS_LOCAL, 1956 bytes)
19/10/29 16:36:30 INFO storage.BlockManagerInfo: Added broadcast_8_piece0 in memory on 10.22.251.109:46439 (size: 3.5 KB, free: 530.0 MB)
19/10/29 16:36:30 INFO storage.BlockManagerInfo: Added broadcast_8_piece0 in memory on 10.22.251.85:36284 (size: 3.5 KB, free: 530.0 MB)
19/10/29 16:36:30 INFO spark.MapOutputTrackerMasterEndpoint: Asked to send map output locations for shuffle 0 to 10.22.251.109:43989
19/10/29 16:36:30 INFO spark.MapOutputTrackerMaster: Size of output statuses for shuffle 0 is 164 bytes
19/10/29 16:36:30 INFO spark.MapOutputTrackerMasterEndpoint: Asked to send map output locations for shuffle 0 to 10.22.251.85:36443
19/10/29 16:36:30 INFO scheduler.TaskSetManager: Finished task 0.0 in stage 7.0 (TID 14) in 66 ms on 10.22.251.109 (1/2)
19/10/29 16:36:30 INFO scheduler.TaskSetManager: Finished task 1.0 in stage 7.0 (TID 15) in 70 ms on 10.22.251.85 (2/2)
19/10/29 16:36:30 INFO scheduler.DAGScheduler: ResultStage 7 (foreach at Partition.scala:89) finished in 0.071 s
19/10/29 16:36:30 INFO scheduler.TaskSchedulerImpl: Removed TaskSet 7.0, whose tasks have all completed, from pool 
19/10/29 16:36:30 INFO scheduler.DAGScheduler: Job 0 finished: foreach at Partition.scala:89, took 12.035625 s
19/10/29 16:36:30 INFO spark.SparkContext: Invoking stop() from shutdown hook
19/10/29 16:36:30 INFO handler.ContextHandler: stopped o.s.j.s.ServletContextHandler{/metrics/json,null}
19/10/29 16:36:30 INFO handler.ContextHandler: stopped o.s.j.s.ServletContextHandler{/stages/stage/kill,null}
19/10/29 16:36:30 INFO handler.ContextHandler: stopped o.s.j.s.ServletContextHandler{/api,null}
19/10/29 16:36:30 INFO handler.ContextHandler: stopped o.s.j.s.ServletContextHandler{/,null}
19/10/29 16:36:30 INFO handler.ContextHandler: stopped o.s.j.s.ServletContextHandler{/static,null}
19/10/29 16:36:30 INFO handler.ContextHandler: stopped o.s.j.s.ServletContextHandler{/executors/threadDump/json,null}
19/10/29 16:36:30 INFO handler.ContextHandler: stopped o.s.j.s.ServletContextHandler{/executors/threadDump,null}
19/10/29 16:36:30 INFO handler.ContextHandler: stopped o.s.j.s.ServletContextHandler{/executors/json,null}
19/10/29 16:36:30 INFO handler.ContextHandler: stopped o.s.j.s.ServletContextHandler{/executors,null}
19/10/29 16:36:30 INFO handler.ContextHandler: stopped o.s.j.s.ServletContextHandler{/environment/json,null}
19/10/29 16:36:30 INFO handler.ContextHandler: stopped o.s.j.s.ServletContextHandler{/environment,null}
19/10/29 16:36:30 INFO handler.ContextHandler: stopped o.s.j.s.ServletContextHandler{/storage/rdd/json,null}
19/10/29 16:36:30 INFO handler.ContextHandler: stopped o.s.j.s.ServletContextHandler{/storage/rdd,null}
19/10/29 16:36:30 INFO handler.ContextHandler: stopped o.s.j.s.ServletContextHandler{/storage/json,null}
19/10/29 16:36:30 INFO handler.ContextHandler: stopped o.s.j.s.ServletContextHandler{/storage,null}
19/10/29 16:36:30 INFO handler.ContextHandler: stopped o.s.j.s.ServletContextHandler{/stages/pool/json,null}
19/10/29 16:36:30 INFO handler.ContextHandler: stopped o.s.j.s.ServletContextHandler{/stages/pool,null}
19/10/29 16:36:30 INFO handler.ContextHandler: stopped o.s.j.s.ServletContextHandler{/stages/stage/json,null}
19/10/29 16:36:30 INFO handler.ContextHandler: stopped o.s.j.s.ServletContextHandler{/stages/stage,null}
19/10/29 16:36:30 INFO handler.ContextHandler: stopped o.s.j.s.ServletContextHandler{/stages/json,null}
19/10/29 16:36:30 INFO handler.ContextHandler: stopped o.s.j.s.ServletContextHandler{/stages,null}
19/10/29 16:36:30 INFO handler.ContextHandler: stopped o.s.j.s.ServletContextHandler{/jobs/job/json,null}
19/10/29 16:36:30 INFO handler.ContextHandler: stopped o.s.j.s.ServletContextHandler{/jobs/job,null}
19/10/29 16:36:30 INFO handler.ContextHandler: stopped o.s.j.s.ServletContextHandler{/jobs/json,null}
19/10/29 16:36:30 INFO handler.ContextHandler: stopped o.s.j.s.ServletContextHandler{/jobs,null}
19/10/29 16:36:30 INFO ui.SparkUI: Stopped Spark web UI at http://10.22.251.109:4040
19/10/29 16:36:30 INFO scheduler.DAGScheduler: Stopping DAGScheduler
19/10/29 16:36:30 INFO cluster.SparkDeploySchedulerBackend: Shutting down all executors
19/10/29 16:36:30 INFO cluster.SparkDeploySchedulerBackend: Asking each executor to shut down
19/10/29 16:36:30 INFO spark.MapOutputTrackerMasterEndpoint: MapOutputTrackerMasterEndpoint stopped!
19/10/29 16:36:30 INFO storage.MemoryStore: MemoryStore cleared
19/10/29 16:36:30 INFO storage.BlockManager: BlockManager stopped
19/10/29 16:36:30 INFO storage.BlockManagerMaster: BlockManagerMaster stopped
19/10/29 16:36:30 INFO scheduler.OutputCommitCoordinator$OutputCommitCoordinatorEndpoint: OutputCommitCoordinator stopped!
19/10/29 16:36:30 INFO spark.SparkContext: Successfully stopped SparkContext
19/10/29 16:36:30 INFO util.ShutdownHookManager: Shutdown hook called
19/10/29 16:36:30 INFO util.ShutdownHookManager: Deleting directory /tmp/spark-71b804c2-0d90-4243-9945-22a605a9de66
19/10/29 16:36:31 INFO remote.RemoteActorRefProvider$RemotingTerminator: Shutting down remote daemon.
19/10/29 16:36:31 INFO remote.RemoteActorRefProvider$RemotingTerminator: Remote daemon shut down; proceeding with flushing remote transports.
stopping yarn daemons
stopping resourcemanager
comet-18-42.ibnet: stopping nodemanager
comet-18-18.ibnet: stopping nodemanager
comet-18-48.ibnet: stopping nodemanager
no proxyserver to stop
19/10/29 16:36:42 WARN util.NativeCodeLoader: Unable to load native-hadoop library for your platform... using builtin-java classes where applicable
Stopping namenodes on [comet-18-18.ibnet]
comet-18-18.ibnet: stopping namenode
comet-18-42.ibnet: stopping datanode
comet-18-18.ibnet: stopping datanode
comet-18-48.ibnet: stopping datanode
Stopping secondary namenodes [comet-18-18.ibnet]
comet-18-18.ibnet: stopping secondarynamenode
19/10/29 16:37:00 WARN util.NativeCodeLoader: Unable to load native-hadoop library for your platform... using builtin-java classes where applicable
Copying Hadoop logs back to /home/sxa5726/cometcluster/logs...
`/scratch/sxa5726/27700649/logs' -> `/home/sxa5726/cometcluster/logs'
`/scratch/sxa5726/27700649/logs/hadoop-sxa5726-datanode-comet-18-18.sdsc.edu.out' -> `/home/sxa5726/cometcluster/logs/hadoop-sxa5726-datanode-comet-18-18.sdsc.edu.out'
`/scratch/sxa5726/27700649/logs/yarn-sxa5726-resourcemanager-comet-18-18.out' -> `/home/sxa5726/cometcluster/logs/yarn-sxa5726-resourcemanager-comet-18-18.out'
`/scratch/sxa5726/27700649/logs/hadoop-sxa5726-namenode-comet-18-18.sdsc.edu.out' -> `/home/sxa5726/cometcluster/logs/hadoop-sxa5726-namenode-comet-18-18.sdsc.edu.out'
`/scratch/sxa5726/27700649/logs/hadoop-sxa5726-secondarynamenode-comet-18-18.sdsc.edu.log' -> `/home/sxa5726/cometcluster/logs/hadoop-sxa5726-secondarynamenode-comet-18-18.sdsc.edu.log'
`/scratch/sxa5726/27700649/logs/yarn-sxa5726-nodemanager-comet-18-18.sdsc.edu.log' -> `/home/sxa5726/cometcluster/logs/yarn-sxa5726-nodemanager-comet-18-18.sdsc.edu.log'
`/scratch/sxa5726/27700649/logs/yarn-sxa5726-nodemanager-comet-18-18.sdsc.edu.out' -> `/home/sxa5726/cometcluster/logs/yarn-sxa5726-nodemanager-comet-18-18.sdsc.edu.out'
`/scratch/sxa5726/27700649/logs/userlogs' -> `/home/sxa5726/cometcluster/logs/userlogs'
`/scratch/sxa5726/27700649/logs/spark-sxa5726-org.apache.spark.deploy.worker.Worker-1-comet-18-18.sdsc.edu.out' -> `/home/sxa5726/cometcluster/logs/spark-sxa5726-org.apache.spark.deploy.worker.Worker-1-comet-18-18.sdsc.edu.out'
`/scratch/sxa5726/27700649/logs/spark-sxa5726-org.apache.spark.deploy.master.Master-1-comet-18-18.out' -> `/home/sxa5726/cometcluster/logs/spark-sxa5726-org.apache.spark.deploy.master.Master-1-comet-18-18.out'
`/scratch/sxa5726/27700649/logs/hadoop-sxa5726-namenode-comet-18-18.sdsc.edu.log' -> `/home/sxa5726/cometcluster/logs/hadoop-sxa5726-namenode-comet-18-18.sdsc.edu.log'
`/scratch/sxa5726/27700649/logs/hadoop-sxa5726-secondarynamenode-comet-18-18.sdsc.edu.out' -> `/home/sxa5726/cometcluster/logs/hadoop-sxa5726-secondarynamenode-comet-18-18.sdsc.edu.out'
`/scratch/sxa5726/27700649/logs/yarn-sxa5726-resourcemanager-comet-18-18.log' -> `/home/sxa5726/cometcluster/logs/yarn-sxa5726-resourcemanager-comet-18-18.log'
`/scratch/sxa5726/27700649/logs/SecurityAuth-sxa5726.audit' -> `/home/sxa5726/cometcluster/logs/SecurityAuth-sxa5726.audit'
`/scratch/sxa5726/27700649/logs/hadoop-sxa5726-datanode-comet-18-18.sdsc.edu.log' -> `/home/sxa5726/cometcluster/logs/hadoop-sxa5726-datanode-comet-18-18.sdsc.edu.log'
removed directory: `/scratch/sxa5726/27700649/mapred_scratch/nmPrivate'
removed directory: `/scratch/sxa5726/27700649/mapred_scratch/usercache'
removed directory: `/scratch/sxa5726/27700649/mapred_scratch/filecache'
removed directory: `/scratch/sxa5726/27700649/mapred_scratch'
removed directory: `/scratch/sxa5726/27700649/tmp/dfs/namesecondary'
removed directory: `/scratch/sxa5726/27700649/tmp/dfs'
removed directory: `/scratch/sxa5726/27700649/tmp'
removed `/scratch/sxa5726/27700649/namenode_data/current/fsimage_0000000000000000000.md5'
removed `/scratch/sxa5726/27700649/namenode_data/current/fsimage_0000000000000000000'
removed `/scratch/sxa5726/27700649/namenode_data/current/VERSION'
removed `/scratch/sxa5726/27700649/namenode_data/current/edits_inprogress_0000000000000000001'
removed `/scratch/sxa5726/27700649/namenode_data/current/seen_txid'
removed directory: `/scratch/sxa5726/27700649/namenode_data/current'
removed directory: `/scratch/sxa5726/27700649/namenode_data'
removed `/scratch/sxa5726/27700649/hdfs_data/current/VERSION'
removed `/scratch/sxa5726/27700649/hdfs_data/current/BP-606270298-198.202.115.51-1572392144659/dncp_block_verification.log.curr'
removed directory: `/scratch/sxa5726/27700649/hdfs_data/current/BP-606270298-198.202.115.51-1572392144659/tmp'
removed `/scratch/sxa5726/27700649/hdfs_data/current/BP-606270298-198.202.115.51-1572392144659/current/dfsUsed'
removed `/scratch/sxa5726/27700649/hdfs_data/current/BP-606270298-198.202.115.51-1572392144659/current/VERSION'
removed `/scratch/sxa5726/27700649/hdfs_data/current/BP-606270298-198.202.115.51-1572392144659/current/finalized/subdir0/subdir0/blk_1073741825_1001.meta'
removed `/scratch/sxa5726/27700649/hdfs_data/current/BP-606270298-198.202.115.51-1572392144659/current/finalized/subdir0/subdir0/blk_1073741825'
removed directory: `/scratch/sxa5726/27700649/hdfs_data/current/BP-606270298-198.202.115.51-1572392144659/current/finalized/subdir0/subdir0'
removed directory: `/scratch/sxa5726/27700649/hdfs_data/current/BP-606270298-198.202.115.51-1572392144659/current/finalized/subdir0'
removed directory: `/scratch/sxa5726/27700649/hdfs_data/current/BP-606270298-198.202.115.51-1572392144659/current/finalized'
removed directory: `/scratch/sxa5726/27700649/hdfs_data/current/BP-606270298-198.202.115.51-1572392144659/current/rbw'
removed directory: `/scratch/sxa5726/27700649/hdfs_data/current/BP-606270298-198.202.115.51-1572392144659/current'
removed `/scratch/sxa5726/27700649/hdfs_data/current/BP-606270298-198.202.115.51-1572392144659/dncp_block_verification.log.prev'
removed directory: `/scratch/sxa5726/27700649/hdfs_data/current/BP-606270298-198.202.115.51-1572392144659'
removed directory: `/scratch/sxa5726/27700649/hdfs_data/current'
removed directory: `/scratch/sxa5726/27700649/hdfs_data'
removed directory: `/scratch/sxa5726/27700649/pids'
removed `/scratch/sxa5726/27700649/logs/hadoop-sxa5726-datanode-comet-18-18.sdsc.edu.out'
removed `/scratch/sxa5726/27700649/logs/yarn-sxa5726-resourcemanager-comet-18-18.out'
removed `/scratch/sxa5726/27700649/logs/hadoop-sxa5726-namenode-comet-18-18.sdsc.edu.out'
removed `/scratch/sxa5726/27700649/logs/hadoop-sxa5726-secondarynamenode-comet-18-18.sdsc.edu.log'
removed `/scratch/sxa5726/27700649/logs/yarn-sxa5726-nodemanager-comet-18-18.sdsc.edu.log'
removed `/scratch/sxa5726/27700649/logs/yarn-sxa5726-nodemanager-comet-18-18.sdsc.edu.out'
removed directory: `/scratch/sxa5726/27700649/logs/userlogs'
removed `/scratch/sxa5726/27700649/logs/spark-sxa5726-org.apache.spark.deploy.worker.Worker-1-comet-18-18.sdsc.edu.out'
removed `/scratch/sxa5726/27700649/logs/spark-sxa5726-org.apache.spark.deploy.master.Master-1-comet-18-18.out'
removed `/scratch/sxa5726/27700649/logs/hadoop-sxa5726-namenode-comet-18-18.sdsc.edu.log'
removed `/scratch/sxa5726/27700649/logs/hadoop-sxa5726-secondarynamenode-comet-18-18.sdsc.edu.out'
removed `/scratch/sxa5726/27700649/logs/yarn-sxa5726-resourcemanager-comet-18-18.log'
removed `/scratch/sxa5726/27700649/logs/SecurityAuth-sxa5726.audit'
removed `/scratch/sxa5726/27700649/logs/hadoop-sxa5726-datanode-comet-18-18.sdsc.edu.log'
removed directory: `/scratch/sxa5726/27700649/logs'
removed directory: `/scratch/sxa5726/27700649/mapred_scratch/nmPrivate'
removed directory: `/scratch/sxa5726/27700649/mapred_scratch/usercache'
removed directory: `/scratch/sxa5726/27700649/mapred_scratch/filecache'
removed directory: `/scratch/sxa5726/27700649/mapred_scratch'
removed `/scratch/sxa5726/27700649/hdfs_data/current/VERSION'
removed `/scratch/sxa5726/27700649/hdfs_data/current/BP-606270298-198.202.115.51-1572392144659/current/finalized/subdir0/subdir0/blk_1073741825'
removed `/scratch/sxa5726/27700649/hdfs_data/current/BP-606270298-198.202.115.51-1572392144659/current/finalized/subdir0/subdir0/blk_1073741825_1001.meta'
removed directory: `/scratch/sxa5726/27700649/hdfs_data/current/BP-606270298-198.202.115.51-1572392144659/current/finalized/subdir0/subdir0'
removed directory: `/scratch/sxa5726/27700649/hdfs_data/current/BP-606270298-198.202.115.51-1572392144659/current/finalized/subdir0'
removed directory: `/scratch/sxa5726/27700649/hdfs_data/current/BP-606270298-198.202.115.51-1572392144659/current/finalized'
removed `/scratch/sxa5726/27700649/hdfs_data/current/BP-606270298-198.202.115.51-1572392144659/current/dfsUsed'
removed `/scratch/sxa5726/27700649/hdfs_data/current/BP-606270298-198.202.115.51-1572392144659/current/VERSION'
removed directory: `/scratch/sxa5726/27700649/hdfs_data/current/BP-606270298-198.202.115.51-1572392144659/current/rbw'
removed directory: `/scratch/sxa5726/27700649/hdfs_data/current/BP-606270298-198.202.115.51-1572392144659/current'
removed `/scratch/sxa5726/27700649/hdfs_data/current/BP-606270298-198.202.115.51-1572392144659/dncp_block_verification.log.prev'
removed `/scratch/sxa5726/27700649/hdfs_data/current/BP-606270298-198.202.115.51-1572392144659/dncp_block_verification.log.curr'
removed directory: `/scratch/sxa5726/27700649/hdfs_data/current/BP-606270298-198.202.115.51-1572392144659/tmp'
removed directory: `/scratch/sxa5726/27700649/hdfs_data/current/BP-606270298-198.202.115.51-1572392144659'
removed directory: `/scratch/sxa5726/27700649/hdfs_data/current'
removed directory: `/scratch/sxa5726/27700649/hdfs_data'
removed directory: `/scratch/sxa5726/27700649/pids'
removed `/scratch/sxa5726/27700649/logs/hadoop-sxa5726-datanode-comet-18-42.sdsc.edu.out'
removed `/scratch/sxa5726/27700649/logs/yarn-sxa5726-nodemanager-comet-18-42.sdsc.edu.log'
removed `/scratch/sxa5726/27700649/logs/spark-sxa5726-org.apache.spark.deploy.worker.Worker-1-comet-18-42.sdsc.edu.out'
removed `/scratch/sxa5726/27700649/logs/yarn-sxa5726-nodemanager-comet-18-42.sdsc.edu.out'
removed `/scratch/sxa5726/27700649/logs/SecurityAuth-sxa5726.audit'
removed directory: `/scratch/sxa5726/27700649/logs/userlogs'
removed `/scratch/sxa5726/27700649/logs/hadoop-sxa5726-datanode-comet-18-42.sdsc.edu.log'
removed directory: `/scratch/sxa5726/27700649/logs'
removed directory: `/scratch/sxa5726/27700649/mapred_scratch/filecache'
removed directory: `/scratch/sxa5726/27700649/mapred_scratch/nmPrivate'
removed directory: `/scratch/sxa5726/27700649/mapred_scratch/usercache'
removed directory: `/scratch/sxa5726/27700649/mapred_scratch'
removed `/scratch/sxa5726/27700649/hdfs_data/current/BP-606270298-198.202.115.51-1572392144659/dncp_block_verification.log.curr'
removed directory: `/scratch/sxa5726/27700649/hdfs_data/current/BP-606270298-198.202.115.51-1572392144659/tmp'
removed directory: `/scratch/sxa5726/27700649/hdfs_data/current/BP-606270298-198.202.115.51-1572392144659/current/rbw'
removed `/scratch/sxa5726/27700649/hdfs_data/current/BP-606270298-198.202.115.51-1572392144659/current/VERSION'
removed `/scratch/sxa5726/27700649/hdfs_data/current/BP-606270298-198.202.115.51-1572392144659/current/finalized/subdir0/subdir0/blk_1073741825'
removed `/scratch/sxa5726/27700649/hdfs_data/current/BP-606270298-198.202.115.51-1572392144659/current/finalized/subdir0/subdir0/blk_1073741825_1001.meta'
removed directory: `/scratch/sxa5726/27700649/hdfs_data/current/BP-606270298-198.202.115.51-1572392144659/current/finalized/subdir0/subdir0'
removed directory: `/scratch/sxa5726/27700649/hdfs_data/current/BP-606270298-198.202.115.51-1572392144659/current/finalized/subdir0'
removed directory: `/scratch/sxa5726/27700649/hdfs_data/current/BP-606270298-198.202.115.51-1572392144659/current/finalized'
removed `/scratch/sxa5726/27700649/hdfs_data/current/BP-606270298-198.202.115.51-1572392144659/current/dfsUsed'
removed directory: `/scratch/sxa5726/27700649/hdfs_data/current/BP-606270298-198.202.115.51-1572392144659/current'
removed `/scratch/sxa5726/27700649/hdfs_data/current/BP-606270298-198.202.115.51-1572392144659/dncp_block_verification.log.prev'
removed directory: `/scratch/sxa5726/27700649/hdfs_data/current/BP-606270298-198.202.115.51-1572392144659'
removed `/scratch/sxa5726/27700649/hdfs_data/current/VERSION'
removed directory: `/scratch/sxa5726/27700649/hdfs_data/current'
removed directory: `/scratch/sxa5726/27700649/hdfs_data'
removed directory: `/scratch/sxa5726/27700649/pids'
removed `/scratch/sxa5726/27700649/logs/spark-sxa5726-org.apache.spark.deploy.worker.Worker-1-comet-18-48.sdsc.edu.out'
removed `/scratch/sxa5726/27700649/logs/yarn-sxa5726-nodemanager-comet-18-48.sdsc.edu.log'
removed `/scratch/sxa5726/27700649/logs/hadoop-sxa5726-datanode-comet-18-48.sdsc.edu.out'
removed `/scratch/sxa5726/27700649/logs/hadoop-sxa5726-datanode-comet-18-48.sdsc.edu.log'
removed `/scratch/sxa5726/27700649/logs/yarn-sxa5726-nodemanager-comet-18-48.sdsc.edu.out'
removed `/scratch/sxa5726/27700649/logs/SecurityAuth-sxa5726.audit'
removed directory: `/scratch/sxa5726/27700649/logs/userlogs'
removed directory: `/scratch/sxa5726/27700649/logs'
removed directory: `/tmp/Jetty_0_0_0_0_50070_hdfs____w2cu08/.active'
removed directory: `/tmp/Jetty_0_0_0_0_50070_hdfs____w2cu08/jsp'
removed directory: `/tmp/Jetty_0_0_0_0_50070_hdfs____w2cu08'
removed directory: `/tmp/Jetty_0_0_0_0_50075_datanode____hwtdwq_3109997420945095913/.active'
removed directory: `/tmp/Jetty_0_0_0_0_50075_datanode____hwtdwq_3109997420945095913/jsp'
removed directory: `/tmp/Jetty_0_0_0_0_50075_datanode____hwtdwq_3109997420945095913'
removed directory: `/tmp/Jetty_comet.18.18_ibnet_50090_secondary____.j3pq6v/.active'
removed directory: `/tmp/Jetty_comet.18.18_ibnet_50090_secondary____.j3pq6v/jsp'
removed directory: `/tmp/Jetty_comet.18.18_ibnet_50090_secondary____.j3pq6v'
