Using Spark's default log4j profile: org/apache/spark/log4j-defaults.properties
19/10/29 15:16:54 INFO SparkContext: Running Spark version 1.5.2
19/10/29 15:16:54 WARN NativeCodeLoader: Unable to load native-hadoop library for your platform... using builtin-java classes where applicable
19/10/29 15:16:55 INFO SecurityManager: Changing view acls to: sxa5726
19/10/29 15:16:55 INFO SecurityManager: Changing modify acls to: sxa5726
19/10/29 15:16:55 INFO SecurityManager: SecurityManager: authentication disabled; ui acls disabled; users with view permissions: Set(sxa5726); users with modify permissions: Set(sxa5726)
19/10/29 15:16:56 INFO Slf4jLogger: Slf4jLogger started
19/10/29 15:16:56 INFO Remoting: Starting remoting
19/10/29 15:16:56 INFO Remoting: Remoting started; listening on addresses :[akka.tcp://sparkDriver@198.202.116.97:40103]
19/10/29 15:16:56 INFO Utils: Successfully started service 'sparkDriver' on port 40103.
19/10/29 15:16:56 INFO SparkEnv: Registering MapOutputTracker
19/10/29 15:16:56 INFO SparkEnv: Registering BlockManagerMaster
19/10/29 15:16:56 INFO DiskBlockManager: Created local directory at /tmp/blockmgr-956d79bb-fe98-4cf2-b3bf-7ebda8cdda46
19/10/29 15:16:56 INFO MemoryStore: MemoryStore started with capacity 530.0 MB
19/10/29 15:16:56 INFO HttpFileServer: HTTP File server directory is /tmp/spark-07505f51-5338-4852-8a48-db6a7b0449e3/httpd-97934afe-2573-4e06-b0bc-44293d4c1906
19/10/29 15:16:56 INFO HttpServer: Starting HTTP Server
19/10/29 15:16:57 INFO Utils: Successfully started service 'HTTP file server' on port 46517.
19/10/29 15:16:57 INFO SparkEnv: Registering OutputCommitCoordinator
19/10/29 15:16:57 INFO Utils: Successfully started service 'SparkUI' on port 4040.
19/10/29 15:16:57 INFO SparkUI: Started SparkUI at http://198.202.116.97:4040
19/10/29 15:16:57 INFO SparkContext: Added JAR file:/home/sxa5726/project5/partition.jar at http://198.202.116.97:46517/jars/partition.jar with timestamp 1572387417624
19/10/29 15:16:57 WARN MetricsSystem: Using default name DAGScheduler for source because spark.app.id is not set.
19/10/29 15:16:57 INFO Executor: Starting executor ID driver on host localhost
19/10/29 15:16:58 INFO Utils: Successfully started service 'org.apache.spark.network.netty.NettyBlockTransferService' on port 34053.
19/10/29 15:16:58 INFO NettyBlockTransferService: Server created on 34053
19/10/29 15:16:58 INFO BlockManagerMaster: Trying to register BlockManager
19/10/29 15:16:58 INFO BlockManagerMasterEndpoint: Registering block manager localhost:34053 with 530.0 MB RAM, BlockManagerId(driver, localhost, 34053)
19/10/29 15:16:58 INFO BlockManagerMaster: Registered BlockManager
19/10/29 15:16:59 INFO MemoryStore: ensureFreeSpace(120040) called with curMem=0, maxMem=555755765
19/10/29 15:16:59 INFO MemoryStore: Block broadcast_0 stored as values in memory (estimated size 117.2 KB, free 529.9 MB)
19/10/29 15:16:59 INFO MemoryStore: ensureFreeSpace(12673) called with curMem=120040, maxMem=555755765
19/10/29 15:16:59 INFO MemoryStore: Block broadcast_0_piece0 stored as bytes in memory (estimated size 12.4 KB, free 529.9 MB)
19/10/29 15:16:59 INFO BlockManagerInfo: Added broadcast_0_piece0 in memory on localhost:34053 (size: 12.4 KB, free: 530.0 MB)
19/10/29 15:16:59 INFO SparkContext: Created broadcast 0 from textFile at Partition.scala:50
19/10/29 15:17:00 INFO FileInputFormat: Total input paths to process : 1
19/10/29 15:17:00 INFO SparkContext: Starting job: foreach at Partition.scala:89
19/10/29 15:17:00 INFO DAGScheduler: Registering RDD 3 (flatMap at Partition.scala:76)
19/10/29 15:17:00 INFO DAGScheduler: Registering RDD 6 (flatMap at Partition.scala:76)
19/10/29 15:17:00 INFO DAGScheduler: Registering RDD 9 (flatMap at Partition.scala:76)
19/10/29 15:17:00 INFO DAGScheduler: Registering RDD 12 (flatMap at Partition.scala:76)
19/10/29 15:17:00 INFO DAGScheduler: Registering RDD 15 (flatMap at Partition.scala:76)
19/10/29 15:17:00 INFO DAGScheduler: Registering RDD 18 (flatMap at Partition.scala:76)
19/10/29 15:17:00 INFO DAGScheduler: Registering RDD 21 (map at Partition.scala:79)
19/10/29 15:17:00 INFO DAGScheduler: Got job 0 (foreach at Partition.scala:89) with 2 output partitions
19/10/29 15:17:00 INFO DAGScheduler: Final stage: ResultStage 7(foreach at Partition.scala:89)
19/10/29 15:17:00 INFO DAGScheduler: Parents of final stage: List(ShuffleMapStage 6)
19/10/29 15:17:00 INFO DAGScheduler: Missing parents: List(ShuffleMapStage 6)
19/10/29 15:17:00 INFO DAGScheduler: Submitting ShuffleMapStage 0 (MapPartitionsRDD[3] at flatMap at Partition.scala:76), which has no missing parents
19/10/29 15:17:00 INFO MemoryStore: ensureFreeSpace(5096) called with curMem=132713, maxMem=555755765
19/10/29 15:17:00 INFO MemoryStore: Block broadcast_1 stored as values in memory (estimated size 5.0 KB, free 529.9 MB)
19/10/29 15:17:00 INFO MemoryStore: ensureFreeSpace(2749) called with curMem=137809, maxMem=555755765
19/10/29 15:17:00 INFO MemoryStore: Block broadcast_1_piece0 stored as bytes in memory (estimated size 2.7 KB, free 529.9 MB)
19/10/29 15:17:00 INFO BlockManagerInfo: Added broadcast_1_piece0 in memory on localhost:34053 (size: 2.7 KB, free: 530.0 MB)
19/10/29 15:17:00 INFO SparkContext: Created broadcast 1 from broadcast at DAGScheduler.scala:861
19/10/29 15:17:00 INFO DAGScheduler: Submitting 2 missing tasks from ShuffleMapStage 0 (MapPartitionsRDD[3] at flatMap at Partition.scala:76)
19/10/29 15:17:00 INFO TaskSchedulerImpl: Adding task set 0.0 with 2 tasks
19/10/29 15:17:00 INFO TaskSetManager: Starting task 0.0 in stage 0.0 (TID 0, localhost, PROCESS_LOCAL, 2197 bytes)
19/10/29 15:17:00 INFO TaskSetManager: Starting task 1.0 in stage 0.0 (TID 1, localhost, PROCESS_LOCAL, 2197 bytes)
19/10/29 15:17:00 INFO Executor: Running task 0.0 in stage 0.0 (TID 0)
19/10/29 15:17:00 INFO Executor: Fetching http://198.202.116.97:46517/jars/partition.jar with timestamp 1572387417624
19/10/29 15:17:00 INFO Executor: Running task 1.0 in stage 0.0 (TID 1)
19/10/29 15:17:01 INFO Utils: Fetching http://198.202.116.97:46517/jars/partition.jar to /tmp/spark-07505f51-5338-4852-8a48-db6a7b0449e3/userFiles-b2b35da2-1c6f-40a9-b8b9-c48a5d564f25/fetchFileTemp4221323001108681754.tmp
19/10/29 15:17:01 INFO Executor: Adding file:/tmp/spark-07505f51-5338-4852-8a48-db6a7b0449e3/userFiles-b2b35da2-1c6f-40a9-b8b9-c48a5d564f25/partition.jar to class loader
19/10/29 15:17:01 INFO HadoopRDD: Input split: file:/home/sxa5726/project5/small-graph.txt:1770+1771
19/10/29 15:17:01 INFO HadoopRDD: Input split: file:/home/sxa5726/project5/small-graph.txt:0+1770
19/10/29 15:17:01 INFO deprecation: mapred.tip.id is deprecated. Instead, use mapreduce.task.id
19/10/29 15:17:01 INFO deprecation: mapred.task.id is deprecated. Instead, use mapreduce.task.attempt.id
19/10/29 15:17:01 INFO deprecation: mapred.task.is.map is deprecated. Instead, use mapreduce.task.ismap
19/10/29 15:17:01 INFO deprecation: mapred.task.partition is deprecated. Instead, use mapreduce.task.partition
19/10/29 15:17:01 INFO deprecation: mapred.job.id is deprecated. Instead, use mapreduce.job.id
19/10/29 15:17:01 INFO Executor: Finished task 1.0 in stage 0.0 (TID 1). 2254 bytes result sent to driver
19/10/29 15:17:01 INFO Executor: Finished task 0.0 in stage 0.0 (TID 0). 2254 bytes result sent to driver
19/10/29 15:17:01 INFO TaskSetManager: Finished task 1.0 in stage 0.0 (TID 1) in 352 ms on localhost (1/2)
19/10/29 15:17:01 INFO DAGScheduler: ShuffleMapStage 0 (flatMap at Partition.scala:76) finished in 0.424 s
19/10/29 15:17:01 INFO DAGScheduler: looking for newly runnable stages
19/10/29 15:17:01 INFO DAGScheduler: running: Set()
19/10/29 15:17:01 INFO DAGScheduler: waiting: Set(ShuffleMapStage 1, ShuffleMapStage 5, ShuffleMapStage 2, ShuffleMapStage 6, ShuffleMapStage 3, ResultStage 7, ShuffleMapStage 4)
19/10/29 15:17:01 INFO DAGScheduler: failed: Set()
19/10/29 15:17:01 INFO DAGScheduler: Missing parents for ShuffleMapStage 1: List()
19/10/29 15:17:01 INFO DAGScheduler: Missing parents for ShuffleMapStage 5: List(ShuffleMapStage 4)
19/10/29 15:17:01 INFO DAGScheduler: Missing parents for ShuffleMapStage 2: List(ShuffleMapStage 1)
19/10/29 15:17:01 INFO DAGScheduler: Missing parents for ShuffleMapStage 6: List(ShuffleMapStage 5)
19/10/29 15:17:01 INFO DAGScheduler: Missing parents for ShuffleMapStage 3: List(ShuffleMapStage 2)
19/10/29 15:17:01 INFO DAGScheduler: Missing parents for ResultStage 7: List(ShuffleMapStage 6)
19/10/29 15:17:01 INFO DAGScheduler: Missing parents for ShuffleMapStage 4: List(ShuffleMapStage 3)
19/10/29 15:17:01 INFO DAGScheduler: Submitting ShuffleMapStage 1 (MapPartitionsRDD[6] at flatMap at Partition.scala:76), which is now runnable
19/10/29 15:17:01 INFO MemoryStore: ensureFreeSpace(5648) called with curMem=140558, maxMem=555755765
19/10/29 15:17:01 INFO MemoryStore: Block broadcast_2 stored as values in memory (estimated size 5.5 KB, free 529.9 MB)
19/10/29 15:17:01 INFO MemoryStore: ensureFreeSpace(2976) called with curMem=146206, maxMem=555755765
19/10/29 15:17:01 INFO MemoryStore: Block broadcast_2_piece0 stored as bytes in memory (estimated size 2.9 KB, free 529.9 MB)
19/10/29 15:17:01 INFO BlockManagerInfo: Added broadcast_2_piece0 in memory on localhost:34053 (size: 2.9 KB, free: 530.0 MB)
19/10/29 15:17:01 INFO SparkContext: Created broadcast 2 from broadcast at DAGScheduler.scala:861
19/10/29 15:17:01 INFO DAGScheduler: Submitting 2 missing tasks from ShuffleMapStage 1 (MapPartitionsRDD[6] at flatMap at Partition.scala:76)
19/10/29 15:17:01 INFO TaskSchedulerImpl: Adding task set 1.0 with 2 tasks
19/10/29 15:17:01 INFO TaskSetManager: Finished task 0.0 in stage 0.0 (TID 0) in 429 ms on localhost (2/2)
19/10/29 15:17:01 INFO TaskSchedulerImpl: Removed TaskSet 0.0, whose tasks have all completed, from pool 
19/10/29 15:17:01 INFO TaskSetManager: Starting task 0.0 in stage 1.0 (TID 2, localhost, PROCESS_LOCAL, 1946 bytes)
19/10/29 15:17:01 INFO TaskSetManager: Starting task 1.0 in stage 1.0 (TID 3, localhost, PROCESS_LOCAL, 1946 bytes)
19/10/29 15:17:01 INFO Executor: Running task 0.0 in stage 1.0 (TID 2)
19/10/29 15:17:01 INFO Executor: Running task 1.0 in stage 1.0 (TID 3)
19/10/29 15:17:01 INFO ShuffleBlockFetcherIterator: Getting 2 non-empty blocks out of 2 blocks
19/10/29 15:17:01 INFO ShuffleBlockFetcherIterator: Started 0 remote fetches in 2 ms
19/10/29 15:17:01 INFO ShuffleBlockFetcherIterator: Getting 2 non-empty blocks out of 2 blocks
19/10/29 15:17:01 INFO ShuffleBlockFetcherIterator: Started 0 remote fetches in 1 ms
19/10/29 15:17:01 INFO Executor: Finished task 1.0 in stage 1.0 (TID 3). 1375 bytes result sent to driver
19/10/29 15:17:01 INFO Executor: Finished task 0.0 in stage 1.0 (TID 2). 1375 bytes result sent to driver
19/10/29 15:17:01 INFO TaskSetManager: Finished task 1.0 in stage 1.0 (TID 3) in 275 ms on localhost (1/2)
19/10/29 15:17:01 INFO DAGScheduler: ShuffleMapStage 1 (flatMap at Partition.scala:76) finished in 0.265 s
19/10/29 15:17:01 INFO DAGScheduler: looking for newly runnable stages
19/10/29 15:17:01 INFO DAGScheduler: running: Set()
19/10/29 15:17:01 INFO DAGScheduler: waiting: Set(ShuffleMapStage 5, ShuffleMapStage 2, ShuffleMapStage 6, ShuffleMapStage 3, ResultStage 7, ShuffleMapStage 4)
19/10/29 15:17:01 INFO DAGScheduler: failed: Set()
19/10/29 15:17:01 INFO DAGScheduler: Missing parents for ShuffleMapStage 5: List(ShuffleMapStage 4)
19/10/29 15:17:01 INFO DAGScheduler: Missing parents for ShuffleMapStage 2: List()
19/10/29 15:17:01 INFO DAGScheduler: Missing parents for ShuffleMapStage 6: List(ShuffleMapStage 5)
19/10/29 15:17:01 INFO DAGScheduler: Missing parents for ShuffleMapStage 3: List(ShuffleMapStage 2)
19/10/29 15:17:01 INFO DAGScheduler: Missing parents for ResultStage 7: List(ShuffleMapStage 6)
19/10/29 15:17:01 INFO DAGScheduler: Missing parents for ShuffleMapStage 4: List(ShuffleMapStage 3)
19/10/29 15:17:01 INFO DAGScheduler: Submitting ShuffleMapStage 2 (MapPartitionsRDD[9] at flatMap at Partition.scala:76), which is now runnable
19/10/29 15:17:01 INFO MemoryStore: ensureFreeSpace(5984) called with curMem=149182, maxMem=555755765
19/10/29 15:17:01 INFO MemoryStore: Block broadcast_3 stored as values in memory (estimated size 5.8 KB, free 529.9 MB)
19/10/29 15:17:01 INFO MemoryStore: ensureFreeSpace(3077) called with curMem=155166, maxMem=555755765
19/10/29 15:17:01 INFO MemoryStore: Block broadcast_3_piece0 stored as bytes in memory (estimated size 3.0 KB, free 529.9 MB)
19/10/29 15:17:01 INFO BlockManagerInfo: Added broadcast_3_piece0 in memory on localhost:34053 (size: 3.0 KB, free: 530.0 MB)
19/10/29 15:17:01 INFO SparkContext: Created broadcast 3 from broadcast at DAGScheduler.scala:861
19/10/29 15:17:01 INFO DAGScheduler: Submitting 2 missing tasks from ShuffleMapStage 2 (MapPartitionsRDD[9] at flatMap at Partition.scala:76)
19/10/29 15:17:01 INFO TaskSchedulerImpl: Adding task set 2.0 with 2 tasks
19/10/29 15:17:01 INFO TaskSetManager: Finished task 0.0 in stage 1.0 (TID 2) in 279 ms on localhost (2/2)
19/10/29 15:17:01 INFO TaskSchedulerImpl: Removed TaskSet 1.0, whose tasks have all completed, from pool 
19/10/29 15:17:01 INFO TaskSetManager: Starting task 0.0 in stage 2.0 (TID 4, localhost, PROCESS_LOCAL, 1946 bytes)
19/10/29 15:17:01 INFO TaskSetManager: Starting task 1.0 in stage 2.0 (TID 5, localhost, PROCESS_LOCAL, 1946 bytes)
19/10/29 15:17:01 INFO Executor: Running task 1.0 in stage 2.0 (TID 5)
19/10/29 15:17:01 INFO ShuffleBlockFetcherIterator: Getting 2 non-empty blocks out of 2 blocks
19/10/29 15:17:01 INFO ShuffleBlockFetcherIterator: Started 0 remote fetches in 1 ms
19/10/29 15:17:01 INFO Executor: Running task 0.0 in stage 2.0 (TID 4)
19/10/29 15:17:01 INFO ShuffleBlockFetcherIterator: Getting 2 non-empty blocks out of 2 blocks
19/10/29 15:17:01 INFO ShuffleBlockFetcherIterator: Started 0 remote fetches in 0 ms
19/10/29 15:17:01 INFO Executor: Finished task 1.0 in stage 2.0 (TID 5). 1375 bytes result sent to driver
19/10/29 15:17:01 INFO TaskSetManager: Finished task 1.0 in stage 2.0 (TID 5) in 92 ms on localhost (1/2)
19/10/29 15:17:01 INFO Executor: Finished task 0.0 in stage 2.0 (TID 4). 1375 bytes result sent to driver
19/10/29 15:17:01 INFO TaskSetManager: Finished task 0.0 in stage 2.0 (TID 4) in 215 ms on localhost (2/2)
19/10/29 15:17:01 INFO TaskSchedulerImpl: Removed TaskSet 2.0, whose tasks have all completed, from pool 
19/10/29 15:17:01 INFO DAGScheduler: ShuffleMapStage 2 (flatMap at Partition.scala:76) finished in 0.210 s
19/10/29 15:17:01 INFO DAGScheduler: looking for newly runnable stages
19/10/29 15:17:01 INFO DAGScheduler: running: Set()
19/10/29 15:17:01 INFO DAGScheduler: waiting: Set(ShuffleMapStage 5, ShuffleMapStage 6, ShuffleMapStage 3, ResultStage 7, ShuffleMapStage 4)
19/10/29 15:17:01 INFO DAGScheduler: failed: Set()
19/10/29 15:17:01 INFO DAGScheduler: Missing parents for ShuffleMapStage 5: List(ShuffleMapStage 4)
19/10/29 15:17:01 INFO DAGScheduler: Missing parents for ShuffleMapStage 6: List(ShuffleMapStage 5)
19/10/29 15:17:01 INFO DAGScheduler: Missing parents for ShuffleMapStage 3: List()
19/10/29 15:17:01 INFO DAGScheduler: Missing parents for ResultStage 7: List(ShuffleMapStage 6)
19/10/29 15:17:01 INFO DAGScheduler: Missing parents for ShuffleMapStage 4: List(ShuffleMapStage 3)
19/10/29 15:17:01 INFO DAGScheduler: Submitting ShuffleMapStage 3 (MapPartitionsRDD[12] at flatMap at Partition.scala:76), which is now runnable
19/10/29 15:17:01 INFO MemoryStore: ensureFreeSpace(6312) called with curMem=158243, maxMem=555755765
19/10/29 15:17:01 INFO MemoryStore: Block broadcast_4 stored as values in memory (estimated size 6.2 KB, free 529.9 MB)
19/10/29 15:17:01 INFO MemoryStore: ensureFreeSpace(3156) called with curMem=164555, maxMem=555755765
19/10/29 15:17:01 INFO MemoryStore: Block broadcast_4_piece0 stored as bytes in memory (estimated size 3.1 KB, free 529.9 MB)
19/10/29 15:17:01 INFO BlockManagerInfo: Added broadcast_4_piece0 in memory on localhost:34053 (size: 3.1 KB, free: 530.0 MB)
19/10/29 15:17:01 INFO SparkContext: Created broadcast 4 from broadcast at DAGScheduler.scala:861
19/10/29 15:17:01 INFO DAGScheduler: Submitting 2 missing tasks from ShuffleMapStage 3 (MapPartitionsRDD[12] at flatMap at Partition.scala:76)
19/10/29 15:17:01 INFO TaskSchedulerImpl: Adding task set 3.0 with 2 tasks
19/10/29 15:17:01 INFO TaskSetManager: Starting task 0.0 in stage 3.0 (TID 6, localhost, PROCESS_LOCAL, 1946 bytes)
19/10/29 15:17:01 INFO TaskSetManager: Starting task 1.0 in stage 3.0 (TID 7, localhost, PROCESS_LOCAL, 1946 bytes)
19/10/29 15:17:01 INFO Executor: Running task 0.0 in stage 3.0 (TID 6)
19/10/29 15:17:01 INFO ShuffleBlockFetcherIterator: Getting 2 non-empty blocks out of 2 blocks
19/10/29 15:17:01 INFO ShuffleBlockFetcherIterator: Started 0 remote fetches in 0 ms
19/10/29 15:17:01 INFO Executor: Running task 1.0 in stage 3.0 (TID 7)
19/10/29 15:17:01 INFO ShuffleBlockFetcherIterator: Getting 2 non-empty blocks out of 2 blocks
19/10/29 15:17:01 INFO ShuffleBlockFetcherIterator: Started 0 remote fetches in 1 ms
19/10/29 15:17:01 INFO Executor: Finished task 1.0 in stage 3.0 (TID 7). 1375 bytes result sent to driver
19/10/29 15:17:01 INFO TaskSetManager: Finished task 1.0 in stage 3.0 (TID 7) in 39 ms on localhost (1/2)
19/10/29 15:17:02 INFO Executor: Finished task 0.0 in stage 3.0 (TID 6). 1375 bytes result sent to driver
19/10/29 15:17:02 INFO TaskSetManager: Finished task 0.0 in stage 3.0 (TID 6) in 118 ms on localhost (2/2)
19/10/29 15:17:02 INFO TaskSchedulerImpl: Removed TaskSet 3.0, whose tasks have all completed, from pool 
19/10/29 15:17:02 INFO DAGScheduler: ShuffleMapStage 3 (flatMap at Partition.scala:76) finished in 0.119 s
19/10/29 15:17:02 INFO DAGScheduler: looking for newly runnable stages
19/10/29 15:17:02 INFO DAGScheduler: running: Set()
19/10/29 15:17:02 INFO DAGScheduler: waiting: Set(ShuffleMapStage 5, ShuffleMapStage 6, ResultStage 7, ShuffleMapStage 4)
19/10/29 15:17:02 INFO DAGScheduler: failed: Set()
19/10/29 15:17:02 INFO DAGScheduler: Missing parents for ShuffleMapStage 5: List(ShuffleMapStage 4)
19/10/29 15:17:02 INFO DAGScheduler: Missing parents for ShuffleMapStage 6: List(ShuffleMapStage 5)
19/10/29 15:17:02 INFO DAGScheduler: Missing parents for ResultStage 7: List(ShuffleMapStage 6)
19/10/29 15:17:02 INFO DAGScheduler: Missing parents for ShuffleMapStage 4: List()
19/10/29 15:17:02 INFO DAGScheduler: Submitting ShuffleMapStage 4 (MapPartitionsRDD[15] at flatMap at Partition.scala:76), which is now runnable
19/10/29 15:17:02 INFO MemoryStore: ensureFreeSpace(6648) called with curMem=167711, maxMem=555755765
19/10/29 15:17:02 INFO MemoryStore: Block broadcast_5 stored as values in memory (estimated size 6.5 KB, free 529.8 MB)
19/10/29 15:17:02 INFO MemoryStore: ensureFreeSpace(3247) called with curMem=174359, maxMem=555755765
19/10/29 15:17:02 INFO MemoryStore: Block broadcast_5_piece0 stored as bytes in memory (estimated size 3.2 KB, free 529.8 MB)
19/10/29 15:17:02 INFO BlockManagerInfo: Added broadcast_5_piece0 in memory on localhost:34053 (size: 3.2 KB, free: 530.0 MB)
19/10/29 15:17:02 INFO SparkContext: Created broadcast 5 from broadcast at DAGScheduler.scala:861
19/10/29 15:17:02 INFO DAGScheduler: Submitting 2 missing tasks from ShuffleMapStage 4 (MapPartitionsRDD[15] at flatMap at Partition.scala:76)
19/10/29 15:17:02 INFO TaskSchedulerImpl: Adding task set 4.0 with 2 tasks
19/10/29 15:17:02 INFO TaskSetManager: Starting task 0.0 in stage 4.0 (TID 8, localhost, PROCESS_LOCAL, 1946 bytes)
19/10/29 15:17:02 INFO TaskSetManager: Starting task 1.0 in stage 4.0 (TID 9, localhost, PROCESS_LOCAL, 1946 bytes)
19/10/29 15:17:02 INFO Executor: Running task 1.0 in stage 4.0 (TID 9)
19/10/29 15:17:02 INFO ShuffleBlockFetcherIterator: Getting 2 non-empty blocks out of 2 blocks
19/10/29 15:17:02 INFO ShuffleBlockFetcherIterator: Started 0 remote fetches in 1 ms
19/10/29 15:17:02 INFO Executor: Running task 0.0 in stage 4.0 (TID 8)
19/10/29 15:17:02 INFO ShuffleBlockFetcherIterator: Getting 2 non-empty blocks out of 2 blocks
19/10/29 15:17:02 INFO ShuffleBlockFetcherIterator: Started 0 remote fetches in 0 ms
19/10/29 15:17:02 INFO Executor: Finished task 1.0 in stage 4.0 (TID 9). 1375 bytes result sent to driver
19/10/29 15:17:02 INFO TaskSetManager: Finished task 1.0 in stage 4.0 (TID 9) in 51 ms on localhost (1/2)
19/10/29 15:17:02 INFO Executor: Finished task 0.0 in stage 4.0 (TID 8). 1375 bytes result sent to driver
19/10/29 15:17:02 INFO TaskSetManager: Finished task 0.0 in stage 4.0 (TID 8) in 82 ms on localhost (2/2)
19/10/29 15:17:02 INFO TaskSchedulerImpl: Removed TaskSet 4.0, whose tasks have all completed, from pool 
19/10/29 15:17:02 INFO DAGScheduler: ShuffleMapStage 4 (flatMap at Partition.scala:76) finished in 0.072 s
19/10/29 15:17:02 INFO DAGScheduler: looking for newly runnable stages
19/10/29 15:17:02 INFO DAGScheduler: running: Set()
19/10/29 15:17:02 INFO DAGScheduler: waiting: Set(ShuffleMapStage 5, ShuffleMapStage 6, ResultStage 7)
19/10/29 15:17:02 INFO DAGScheduler: failed: Set()
19/10/29 15:17:02 INFO DAGScheduler: Missing parents for ShuffleMapStage 5: List()
19/10/29 15:17:02 INFO DAGScheduler: Missing parents for ShuffleMapStage 6: List(ShuffleMapStage 5)
19/10/29 15:17:02 INFO DAGScheduler: Missing parents for ResultStage 7: List(ShuffleMapStage 6)
19/10/29 15:17:02 INFO DAGScheduler: Submitting ShuffleMapStage 5 (MapPartitionsRDD[18] at flatMap at Partition.scala:76), which is now runnable
19/10/29 15:17:02 INFO MemoryStore: ensureFreeSpace(6976) called with curMem=177606, maxMem=555755765
19/10/29 15:17:02 INFO MemoryStore: Block broadcast_6 stored as values in memory (estimated size 6.8 KB, free 529.8 MB)
19/10/29 15:17:02 INFO MemoryStore: ensureFreeSpace(3317) called with curMem=184582, maxMem=555755765
19/10/29 15:17:02 INFO MemoryStore: Block broadcast_6_piece0 stored as bytes in memory (estimated size 3.2 KB, free 529.8 MB)
19/10/29 15:17:02 INFO BlockManagerInfo: Added broadcast_6_piece0 in memory on localhost:34053 (size: 3.2 KB, free: 530.0 MB)
19/10/29 15:17:02 INFO SparkContext: Created broadcast 6 from broadcast at DAGScheduler.scala:861
19/10/29 15:17:02 INFO DAGScheduler: Submitting 2 missing tasks from ShuffleMapStage 5 (MapPartitionsRDD[18] at flatMap at Partition.scala:76)
19/10/29 15:17:02 INFO TaskSchedulerImpl: Adding task set 5.0 with 2 tasks
19/10/29 15:17:02 INFO TaskSetManager: Starting task 0.0 in stage 5.0 (TID 10, localhost, PROCESS_LOCAL, 1946 bytes)
19/10/29 15:17:02 INFO TaskSetManager: Starting task 1.0 in stage 5.0 (TID 11, localhost, PROCESS_LOCAL, 1946 bytes)
19/10/29 15:17:02 INFO Executor: Running task 1.0 in stage 5.0 (TID 11)
19/10/29 15:17:02 INFO ShuffleBlockFetcherIterator: Getting 2 non-empty blocks out of 2 blocks
19/10/29 15:17:02 INFO ShuffleBlockFetcherIterator: Started 0 remote fetches in 0 ms
19/10/29 15:17:02 INFO Executor: Running task 0.0 in stage 5.0 (TID 10)
19/10/29 15:17:02 INFO ShuffleBlockFetcherIterator: Getting 2 non-empty blocks out of 2 blocks
19/10/29 15:17:02 INFO ShuffleBlockFetcherIterator: Started 0 remote fetches in 0 ms
19/10/29 15:17:02 INFO Executor: Finished task 1.0 in stage 5.0 (TID 11). 1375 bytes result sent to driver
19/10/29 15:17:02 INFO TaskSetManager: Finished task 1.0 in stage 5.0 (TID 11) in 31 ms on localhost (1/2)
19/10/29 15:17:02 INFO Executor: Finished task 0.0 in stage 5.0 (TID 10). 1375 bytes result sent to driver
19/10/29 15:17:02 INFO TaskSetManager: Finished task 0.0 in stage 5.0 (TID 10) in 44 ms on localhost (2/2)
19/10/29 15:17:02 INFO TaskSchedulerImpl: Removed TaskSet 5.0, whose tasks have all completed, from pool 
19/10/29 15:17:02 INFO DAGScheduler: ShuffleMapStage 5 (flatMap at Partition.scala:76) finished in 0.035 s
19/10/29 15:17:02 INFO DAGScheduler: looking for newly runnable stages
19/10/29 15:17:02 INFO DAGScheduler: running: Set()
19/10/29 15:17:02 INFO DAGScheduler: waiting: Set(ShuffleMapStage 6, ResultStage 7)
19/10/29 15:17:02 INFO DAGScheduler: failed: Set()
19/10/29 15:17:02 INFO DAGScheduler: Missing parents for ShuffleMapStage 6: List()
19/10/29 15:17:02 INFO DAGScheduler: Missing parents for ResultStage 7: List(ShuffleMapStage 6)
19/10/29 15:17:02 INFO DAGScheduler: Submitting ShuffleMapStage 6 (MapPartitionsRDD[21] at map at Partition.scala:79), which is now runnable
19/10/29 15:17:02 INFO MemoryStore: ensureFreeSpace(7400) called with curMem=187899, maxMem=555755765
19/10/29 15:17:02 INFO MemoryStore: Block broadcast_7 stored as values in memory (estimated size 7.2 KB, free 529.8 MB)
19/10/29 15:17:02 INFO MemoryStore: ensureFreeSpace(3442) called with curMem=195299, maxMem=555755765
19/10/29 15:17:02 INFO MemoryStore: Block broadcast_7_piece0 stored as bytes in memory (estimated size 3.4 KB, free 529.8 MB)
19/10/29 15:17:02 INFO BlockManagerInfo: Added broadcast_7_piece0 in memory on localhost:34053 (size: 3.4 KB, free: 530.0 MB)
19/10/29 15:17:02 INFO SparkContext: Created broadcast 7 from broadcast at DAGScheduler.scala:861
19/10/29 15:17:02 INFO DAGScheduler: Submitting 2 missing tasks from ShuffleMapStage 6 (MapPartitionsRDD[21] at map at Partition.scala:79)
19/10/29 15:17:02 INFO TaskSchedulerImpl: Adding task set 6.0 with 2 tasks
19/10/29 15:17:02 INFO TaskSetManager: Starting task 0.0 in stage 6.0 (TID 12, localhost, PROCESS_LOCAL, 1946 bytes)
19/10/29 15:17:02 INFO TaskSetManager: Starting task 1.0 in stage 6.0 (TID 13, localhost, PROCESS_LOCAL, 1946 bytes)
19/10/29 15:17:02 INFO Executor: Running task 1.0 in stage 6.0 (TID 13)
19/10/29 15:17:02 INFO ShuffleBlockFetcherIterator: Getting 2 non-empty blocks out of 2 blocks
19/10/29 15:17:02 INFO ShuffleBlockFetcherIterator: Started 0 remote fetches in 0 ms
19/10/29 15:17:02 INFO Executor: Running task 0.0 in stage 6.0 (TID 12)
19/10/29 15:17:02 INFO ShuffleBlockFetcherIterator: Getting 2 non-empty blocks out of 2 blocks
19/10/29 15:17:02 INFO ShuffleBlockFetcherIterator: Started 0 remote fetches in 0 ms
19/10/29 15:17:02 INFO Executor: Finished task 1.0 in stage 6.0 (TID 13). 1375 bytes result sent to driver
19/10/29 15:17:02 INFO TaskSetManager: Finished task 1.0 in stage 6.0 (TID 13) in 55 ms on localhost (1/2)
19/10/29 15:17:02 INFO Executor: Finished task 0.0 in stage 6.0 (TID 12). 1375 bytes result sent to driver
19/10/29 15:17:02 INFO TaskSetManager: Finished task 0.0 in stage 6.0 (TID 12) in 76 ms on localhost (2/2)
19/10/29 15:17:02 INFO TaskSchedulerImpl: Removed TaskSet 6.0, whose tasks have all completed, from pool 
19/10/29 15:17:02 INFO DAGScheduler: ShuffleMapStage 6 (map at Partition.scala:79) finished in 0.075 s
19/10/29 15:17:02 INFO DAGScheduler: looking for newly runnable stages
19/10/29 15:17:02 INFO DAGScheduler: running: Set()
19/10/29 15:17:02 INFO DAGScheduler: waiting: Set(ResultStage 7)
19/10/29 15:17:02 INFO DAGScheduler: failed: Set()
19/10/29 15:17:02 INFO DAGScheduler: Missing parents for ResultStage 7: List()
19/10/29 15:17:02 INFO DAGScheduler: Submitting ResultStage 7 (MapPartitionsRDD[23] at map at Partition.scala:80), which is now runnable
19/10/29 15:17:02 INFO MemoryStore: ensureFreeSpace(7792) called with curMem=198741, maxMem=555755765
19/10/29 15:17:02 INFO MemoryStore: Block broadcast_8 stored as values in memory (estimated size 7.6 KB, free 529.8 MB)
19/10/29 15:17:02 INFO MemoryStore: ensureFreeSpace(3576) called with curMem=206533, maxMem=555755765
19/10/29 15:17:02 INFO MemoryStore: Block broadcast_8_piece0 stored as bytes in memory (estimated size 3.5 KB, free 529.8 MB)
19/10/29 15:17:02 INFO BlockManagerInfo: Added broadcast_8_piece0 in memory on localhost:34053 (size: 3.5 KB, free: 530.0 MB)
19/10/29 15:17:02 INFO SparkContext: Created broadcast 8 from broadcast at DAGScheduler.scala:861
19/10/29 15:17:02 INFO DAGScheduler: Submitting 2 missing tasks from ResultStage 7 (MapPartitionsRDD[23] at map at Partition.scala:80)
19/10/29 15:17:02 INFO TaskSchedulerImpl: Adding task set 7.0 with 2 tasks
19/10/29 15:17:02 INFO TaskSetManager: Starting task 0.0 in stage 7.0 (TID 14, localhost, PROCESS_LOCAL, 1957 bytes)
19/10/29 15:17:02 INFO TaskSetManager: Starting task 1.0 in stage 7.0 (TID 15, localhost, PROCESS_LOCAL, 1957 bytes)
19/10/29 15:17:02 INFO Executor: Running task 1.0 in stage 7.0 (TID 15)
19/10/29 15:17:02 INFO ShuffleBlockFetcherIterator: Getting 2 non-empty blocks out of 2 blocks
19/10/29 15:17:02 INFO ShuffleBlockFetcherIterator: Started 0 remote fetches in 0 ms
19/10/29 15:17:02 INFO Executor: Running task 0.0 in stage 7.0 (TID 14)
19/10/29 15:17:02 INFO ShuffleBlockFetcherIterator: Getting 2 non-empty blocks out of 2 blocks
19/10/29 15:17:02 INFO ShuffleBlockFetcherIterator: Started 0 remote fetches in 0 ms
(100,17)
(101,6)
(105,4)
(125,5)
(67,10)
(69,4)
19/10/29 15:17:02 INFO Executor: Finished task 1.0 in stage 7.0 (TID 15). 1165 bytes result sent to driver
19/10/29 15:17:02 INFO TaskSetManager: Finished task 1.0 in stage 7.0 (TID 15) in 58 ms on localhost (1/2)
(82,5)
(118,2)
(90,8)
(88,3)
19/10/29 15:17:02 INFO Executor: Finished task 0.0 in stage 7.0 (TID 14). 1165 bytes result sent to driver
19/10/29 15:17:02 INFO TaskSetManager: Finished task 0.0 in stage 7.0 (TID 14) in 64 ms on localhost (2/2)
19/10/29 15:17:02 INFO TaskSchedulerImpl: Removed TaskSet 7.0, whose tasks have all completed, from pool 
19/10/29 15:17:02 INFO DAGScheduler: ResultStage 7 (foreach at Partition.scala:89) finished in 0.063 s
19/10/29 15:17:02 INFO DAGScheduler: Job 0 finished: foreach at Partition.scala:89, took 1.537824 s
19/10/29 15:17:02 INFO SparkContext: Invoking stop() from shutdown hook
19/10/29 15:17:02 INFO SparkUI: Stopped Spark web UI at http://198.202.116.97:4040
19/10/29 15:17:02 INFO DAGScheduler: Stopping DAGScheduler
19/10/29 15:17:02 INFO MapOutputTrackerMasterEndpoint: MapOutputTrackerMasterEndpoint stopped!
19/10/29 15:17:02 INFO MemoryStore: MemoryStore cleared
19/10/29 15:17:02 INFO BlockManager: BlockManager stopped
19/10/29 15:17:02 INFO BlockManagerMaster: BlockManagerMaster stopped
19/10/29 15:17:02 INFO SparkContext: Successfully stopped SparkContext
19/10/29 15:17:02 INFO ShutdownHookManager: Shutdown hook called
19/10/29 15:17:02 INFO ShutdownHookManager: Deleting directory /tmp/spark-07505f51-5338-4852-8a48-db6a7b0449e3
